INFO - 2024-09-26 19:07:12 --> Session: Class initialized using 'CodeIgniter\Session\Handlers\FileHandler' driver.
INFO - 2024-09-26 19:12:52 --> Session: Class initialized using 'CodeIgniter\Session\Handlers\FileHandler' driver.
INFO - 2024-09-26 19:12:52 --> Session: Class initialized using 'CodeIgniter\Session\Handlers\FileHandler' driver.
INFO - 2024-09-26 19:13:12 --> Session: Class initialized using 'CodeIgniter\Session\Handlers\FileHandler' driver.
INFO - 2024-09-26 19:13:20 --> Session: Class initialized using 'CodeIgniter\Session\Handlers\FileHandler' driver.
INFO - 2024-09-26 19:13:23 --> Session: Class initialized using 'CodeIgniter\Session\Handlers\FileHandler' driver.
INFO - 2024-09-26 19:13:32 --> Session: Class initialized using 'CodeIgniter\Session\Handlers\FileHandler' driver.
INFO - 2024-09-26 19:13:39 --> Session: Class initialized using 'CodeIgniter\Session\Handlers\FileHandler' driver.
INFO - 2024-09-26 19:14:42 --> Session: Class initialized using 'CodeIgniter\Session\Handlers\FileHandler' driver.
INFO - 2024-09-26 19:14:43 --> Session: Class initialized using 'CodeIgniter\Session\Handlers\FileHandler' driver.
INFO - 2024-09-26 19:14:46 --> Session: Class initialized using 'CodeIgniter\Session\Handlers\FileHandler' driver.
INFO - 2024-09-26 19:48:54 --> Session: Class initialized using 'CodeIgniter\Session\Handlers\FileHandler' driver.
INFO - 2024-09-26 19:49:02 --> Session: Class initialized using 'CodeIgniter\Session\Handlers\FileHandler' driver.
INFO - 2024-09-26 19:49:02 --> Session: Class initialized using 'CodeIgniter\Session\Handlers\FileHandler' driver.
INFO - 2024-09-26 19:49:04 --> Session: Class initialized using 'CodeIgniter\Session\Handlers\FileHandler' driver.
INFO - 2024-09-26 19:49:07 --> Session: Class initialized using 'CodeIgniter\Session\Handlers\FileHandler' driver.
INFO - 2024-09-26 19:49:12 --> Session: Class initialized using 'CodeIgniter\Session\Handlers\FileHandler' driver.
INFO - 2024-09-26 19:49:12 --> Session: Class initialized using 'CodeIgniter\Session\Handlers\FileHandler' driver.
INFO - 2024-09-26 19:49:14 --> Session: Class initialized using 'CodeIgniter\Session\Handlers\FileHandler' driver.
INFO - 2024-09-26 19:49:17 --> Session: Class initialized using 'CodeIgniter\Session\Handlers\FileHandler' driver.
INFO - 2024-09-26 19:49:24 --> Session: Class initialized using 'CodeIgniter\Session\Handlers\FileHandler' driver.
INFO - 2024-09-26 19:49:30 --> Session: Class initialized using 'CodeIgniter\Session\Handlers\FileHandler' driver.
INFO - 2024-09-26 19:49:34 --> Session: Class initialized using 'CodeIgniter\Session\Handlers\FileHandler' driver.
INFO - 2024-09-26 19:49:34 --> Session: Class initialized using 'CodeIgniter\Session\Handlers\FileHandler' driver.
INFO - 2024-09-26 19:49:37 --> Session: Class initialized using 'CodeIgniter\Session\Handlers\FileHandler' driver.
INFO - 2024-09-26 20:08:35 --> Session: Class initialized using 'CodeIgniter\Session\Handlers\FileHandler' driver.
INFO - 2024-09-26 20:08:39 --> Session: Class initialized using 'CodeIgniter\Session\Handlers\FileHandler' driver.
INFO - 2024-09-26 20:08:39 --> Session: Class initialized using 'CodeIgniter\Session\Handlers\FileHandler' driver.
INFO - 2024-09-26 20:08:41 --> Session: Class initialized using 'CodeIgniter\Session\Handlers\FileHandler' driver.
INFO - 2024-09-26 20:09:58 --> Session: Class initialized using 'CodeIgniter\Session\Handlers\FileHandler' driver.
ERROR - 2024-09-26 20:09:58 --> mysqli_sql_exception: Unknown column 'telefono' in 'field list' in C:\xampp\htdocs\ProyectoGimnasio\system\Database\MySQLi\Connection.php:308
Stack trace:
#0 C:\xampp\htdocs\ProyectoGimnasio\system\Database\MySQLi\Connection.php(308): mysqli->query('INSERT INTO `Us...', 0)
#1 C:\xampp\htdocs\ProyectoGimnasio\system\Database\BaseConnection.php(722): CodeIgniter\Database\MySQLi\Connection->execute('INSERT INTO `Us...')
#2 C:\xampp\htdocs\ProyectoGimnasio\system\Database\BaseConnection.php(636): CodeIgniter\Database\BaseConnection->simpleQuery('INSERT INTO `Us...')
#3 C:\xampp\htdocs\ProyectoGimnasio\system\Database\BaseBuilder.php(2325): CodeIgniter\Database\BaseConnection->query('INSERT INTO `Us...', Array, false)
#4 C:\xampp\htdocs\ProyectoGimnasio\system\Model.php(383): CodeIgniter\Database\BaseBuilder->insert()
#5 C:\xampp\htdocs\ProyectoGimnasio\system\BaseModel.php(840): CodeIgniter\Model->doInsert(Array)
#6 C:\xampp\htdocs\ProyectoGimnasio\system\Model.php(791): CodeIgniter\BaseModel->insert(Array, true)
#7 C:\xampp\htdocs\ProyectoGimnasio\app\Controllers\Usuario.php(85): CodeIgniter\Model->insert(Array)
#8 C:\xampp\htdocs\ProyectoGimnasio\system\CodeIgniter.php(933): App\Controllers\Usuario->insertar()
#9 C:\xampp\htdocs\ProyectoGimnasio\system\CodeIgniter.php(509): CodeIgniter\CodeIgniter->runController(Object(App\Controllers\Usuario))
#10 C:\xampp\htdocs\ProyectoGimnasio\system\CodeIgniter.php(355): CodeIgniter\CodeIgniter->handleRequest(NULL, Object(Config\Cache), false)
#11 C:\xampp\htdocs\ProyectoGimnasio\system\Boot.php(312): CodeIgniter\CodeIgniter->run()
#12 C:\xampp\htdocs\ProyectoGimnasio\system\Boot.php(67): CodeIgniter\Boot::runCodeIgniter(Object(CodeIgniter\CodeIgniter))
#13 C:\xampp\htdocs\ProyectoGimnasio\public\index.php(56): CodeIgniter\Boot::bootWeb(Object(Config\Paths))
#14 C:\xampp\htdocs\ProyectoGimnasio\system\Commands\Server\rewrite.php(49): require_once('C:\\xampp\\htdocs...')
#15 {main}
CRITICAL - 2024-09-26 20:09:58 --> CodeIgniter\Database\Exceptions\DatabaseException: Unknown column 'telefono' in 'field list'
[Method: POST, Route: usuario/insertar]
in SYSTEMPATH\Database\BaseConnection.php on line 676.
 1 SYSTEMPATH\Database\BaseBuilder.php(2325): CodeIgniter\Database\BaseConnection->query('INSERT INTO `Usuario` (`nombre`, `apellidoP`, `apellidoM`, `sexo`, `fechaNacimiento`, `telefono`, `correo`) VALUES (:nombre:, :apellidoP:, :apellidoM:, :sexo:, :fechaNacimiento:, :telefono:, :correo:)', [...], false)
 2 SYSTEMPATH\Model.php(383): CodeIgniter\Database\BaseBuilder->insert()
 3 SYSTEMPATH\BaseModel.php(840): CodeIgniter\Model->doInsert([...])
 4 SYSTEMPATH\Model.php(791): CodeIgniter\BaseModel->insert([...], true)
 5 APPPATH\Controllers\Usuario.php(85): CodeIgniter\Model->insert([...])
 6 SYSTEMPATH\CodeIgniter.php(933): App\Controllers\Usuario->insertar()
 7 SYSTEMPATH\CodeIgniter.php(509): CodeIgniter\CodeIgniter->runController(Object(App\Controllers\Usuario))
 8 SYSTEMPATH\CodeIgniter.php(355): CodeIgniter\CodeIgniter->handleRequest(null, Object(Config\Cache), false)
 9 SYSTEMPATH\Boot.php(312): CodeIgniter\CodeIgniter->run()
10 SYSTEMPATH\Boot.php(67): CodeIgniter\Boot::runCodeIgniter(Object(CodeIgniter\CodeIgniter))
11 FCPATH\index.php(56): CodeIgniter\Boot::bootWeb(Object(Config\Paths))
12 SYSTEMPATH\Commands\Server\rewrite.php(49): require_once('C:\\xampp\\htdocs\\ProyectoGimnasio\\public\\index.php')
CRITICAL - 2024-09-26 20:09:58 --> [Caused by] CodeIgniter\Database\Exceptions\DatabaseException: Unknown column 'telefono' in 'field list'
in SYSTEMPATH\Database\MySQLi\Connection.php on line 313.
 1 SYSTEMPATH\Database\BaseConnection.php(722): CodeIgniter\Database\MySQLi\Connection->execute('INSERT INTO `Usuario` (`nombre`, `apellidoP`, `apellidoM`, `sexo`, `fechaNacimiento`, `telefono`, `correo`) VALUES (\'cris\', \'lopez\', \'dsa\', \'M\', \'2024-10-08\', \'dsa\', \'dsa\')')
 2 SYSTEMPATH\Database\BaseConnection.php(636): CodeIgniter\Database\BaseConnection->simpleQuery('INSERT INTO `Usuario` (`nombre`, `apellidoP`, `apellidoM`, `sexo`, `fechaNacimiento`, `telefono`, `correo`) VALUES (\'cris\', \'lopez\', \'dsa\', \'M\', \'2024-10-08\', \'dsa\', \'dsa\')')
 3 SYSTEMPATH\Database\BaseBuilder.php(2325): CodeIgniter\Database\BaseConnection->query('INSERT INTO `Usuario` (`nombre`, `apellidoP`, `apellidoM`, `sexo`, `fechaNacimiento`, `telefono`, `correo`) VALUES (:nombre:, :apellidoP:, :apellidoM:, :sexo:, :fechaNacimiento:, :telefono:, :correo:)', [...], false)
 4 SYSTEMPATH\Model.php(383): CodeIgniter\Database\BaseBuilder->insert()
 5 SYSTEMPATH\BaseModel.php(840): CodeIgniter\Model->doInsert([...])
 6 SYSTEMPATH\Model.php(791): CodeIgniter\BaseModel->insert([...], true)
 7 APPPATH\Controllers\Usuario.php(85): CodeIgniter\Model->insert([...])
 8 SYSTEMPATH\CodeIgniter.php(933): App\Controllers\Usuario->insertar()
 9 SYSTEMPATH\CodeIgniter.php(509): CodeIgniter\CodeIgniter->runController(Object(App\Controllers\Usuario))
10 SYSTEMPATH\CodeIgniter.php(355): CodeIgniter\CodeIgniter->handleRequest(null, Object(Config\Cache), false)
11 SYSTEMPATH\Boot.php(312): CodeIgniter\CodeIgniter->run()
12 SYSTEMPATH\Boot.php(67): CodeIgniter\Boot::runCodeIgniter(Object(CodeIgniter\CodeIgniter))
13 FCPATH\index.php(56): CodeIgniter\Boot::bootWeb(Object(Config\Paths))
14 SYSTEMPATH\Commands\Server\rewrite.php(49): require_once('C:\\xampp\\htdocs\\ProyectoGimnasio\\public\\index.php')
CRITICAL - 2024-09-26 20:09:58 --> [Caused by] mysqli_sql_exception: Unknown column 'telefono' in 'field list'
in SYSTEMPATH\Database\MySQLi\Connection.php on line 308.
 1 SYSTEMPATH\Database\MySQLi\Connection.php(308): mysqli->query('INSERT INTO `Usuario` (`nombre`, `apellidoP`, `apellidoM`, `sexo`, `fechaNacimiento`, `telefono`, `correo`) VALUES (\'cris\', \'lopez\', \'dsa\', \'M\', \'2024-10-08\', \'dsa\', \'dsa\')', 0)
 2 SYSTEMPATH\Database\BaseConnection.php(722): CodeIgniter\Database\MySQLi\Connection->execute('INSERT INTO `Usuario` (`nombre`, `apellidoP`, `apellidoM`, `sexo`, `fechaNacimiento`, `telefono`, `correo`) VALUES (\'cris\', \'lopez\', \'dsa\', \'M\', \'2024-10-08\', \'dsa\', \'dsa\')')
 3 SYSTEMPATH\Database\BaseConnection.php(636): CodeIgniter\Database\BaseConnection->simpleQuery('INSERT INTO `Usuario` (`nombre`, `apellidoP`, `apellidoM`, `sexo`, `fechaNacimiento`, `telefono`, `correo`) VALUES (\'cris\', \'lopez\', \'dsa\', \'M\', \'2024-10-08\', \'dsa\', \'dsa\')')
 4 SYSTEMPATH\Database\BaseBuilder.php(2325): CodeIgniter\Database\BaseConnection->query('INSERT INTO `Usuario` (`nombre`, `apellidoP`, `apellidoM`, `sexo`, `fechaNacimiento`, `telefono`, `correo`) VALUES (:nombre:, :apellidoP:, :apellidoM:, :sexo:, :fechaNacimiento:, :telefono:, :correo:)', [...], false)
 5 SYSTEMPATH\Model.php(383): CodeIgniter\Database\BaseBuilder->insert()
 6 SYSTEMPATH\BaseModel.php(840): CodeIgniter\Model->doInsert([...])
 7 SYSTEMPATH\Model.php(791): CodeIgniter\BaseModel->insert([...], true)
 8 APPPATH\Controllers\Usuario.php(85): CodeIgniter\Model->insert([...])
 9 SYSTEMPATH\CodeIgniter.php(933): App\Controllers\Usuario->insertar()
10 SYSTEMPATH\CodeIgniter.php(509): CodeIgniter\CodeIgniter->runController(Object(App\Controllers\Usuario))
11 SYSTEMPATH\CodeIgniter.php(355): CodeIgniter\CodeIgniter->handleRequest(null, Object(Config\Cache), false)
12 SYSTEMPATH\Boot.php(312): CodeIgniter\CodeIgniter->run()
13 SYSTEMPATH\Boot.php(67): CodeIgniter\Boot::runCodeIgniter(Object(CodeIgniter\CodeIgniter))
14 FCPATH\index.php(56): CodeIgniter\Boot::bootWeb(Object(Config\Paths))
15 SYSTEMPATH\Commands\Server\rewrite.php(49): require_once('C:\\xampp\\htdocs\\ProyectoGimnasio\\public\\index.php')
INFO - 2024-09-26 20:13:29 --> Session: Class initialized using 'CodeIgniter\Session\Handlers\FileHandler' driver.
INFO - 2024-09-26 20:13:32 --> Session: Class initialized using 'CodeIgniter\Session\Handlers\FileHandler' driver.
INFO - 2024-09-26 20:13:59 --> Session: Class initialized using 'CodeIgniter\Session\Handlers\FileHandler' driver.
ERROR - 2024-09-26 20:13:59 --> mysqli_sql_exception: Table 'gym.usuario' doesn't exist in C:\xampp\htdocs\ProyectoGimnasio\system\Database\MySQLi\Connection.php:308
Stack trace:
#0 C:\xampp\htdocs\ProyectoGimnasio\system\Database\MySQLi\Connection.php(308): mysqli->query('select alias, t...', 0)
#1 C:\xampp\htdocs\ProyectoGimnasio\system\Database\BaseConnection.php(722): CodeIgniter\Database\MySQLi\Connection->execute('select alias, t...')
#2 C:\xampp\htdocs\ProyectoGimnasio\system\Database\BaseConnection.php(636): CodeIgniter\Database\BaseConnection->simpleQuery('select alias, t...')
#3 C:\xampp\htdocs\ProyectoGimnasio\app\Models\UsuarioM.php(49): CodeIgniter\Database\BaseConnection->query('select alias, t...')
#4 C:\xampp\htdocs\ProyectoGimnasio\app\Controllers\Usuario.php(143): App\Models\UsuarioM->validar('cris', '123')
#5 C:\xampp\htdocs\ProyectoGimnasio\system\CodeIgniter.php(933): App\Controllers\Usuario->acceder()
#6 C:\xampp\htdocs\ProyectoGimnasio\system\CodeIgniter.php(509): CodeIgniter\CodeIgniter->runController(Object(App\Controllers\Usuario))
#7 C:\xampp\htdocs\ProyectoGimnasio\system\CodeIgniter.php(355): CodeIgniter\CodeIgniter->handleRequest(NULL, Object(Config\Cache), false)
#8 C:\xampp\htdocs\ProyectoGimnasio\system\Boot.php(312): CodeIgniter\CodeIgniter->run()
#9 C:\xampp\htdocs\ProyectoGimnasio\system\Boot.php(67): CodeIgniter\Boot::runCodeIgniter(Object(CodeIgniter\CodeIgniter))
#10 C:\xampp\htdocs\ProyectoGimnasio\public\index.php(56): CodeIgniter\Boot::bootWeb(Object(Config\Paths))
#11 C:\xampp\htdocs\ProyectoGimnasio\system\Commands\Server\rewrite.php(49): require_once('C:\\xampp\\htdocs...')
#12 {main}
CRITICAL - 2024-09-26 20:13:59 --> CodeIgniter\Database\Exceptions\DatabaseException: Table 'gym.usuario' doesn't exist
[Method: POST, Route: acceder]
in SYSTEMPATH\Database\BaseConnection.php on line 676.
 1 APPPATH\Models\UsuarioM.php(49): CodeIgniter\Database\BaseConnection->query('select alias, tipo
        from Usuario 
        where alias = \'cris\' and cta =\'123\'')
 2 APPPATH\Controllers\Usuario.php(143): App\Models\UsuarioM->validar('cris', '123')
 3 SYSTEMPATH\CodeIgniter.php(933): App\Controllers\Usuario->acceder()
 4 SYSTEMPATH\CodeIgniter.php(509): CodeIgniter\CodeIgniter->runController(Object(App\Controllers\Usuario))
 5 SYSTEMPATH\CodeIgniter.php(355): CodeIgniter\CodeIgniter->handleRequest(null, Object(Config\Cache), false)
 6 SYSTEMPATH\Boot.php(312): CodeIgniter\CodeIgniter->run()
 7 SYSTEMPATH\Boot.php(67): CodeIgniter\Boot::runCodeIgniter(Object(CodeIgniter\CodeIgniter))
 8 FCPATH\index.php(56): CodeIgniter\Boot::bootWeb(Object(Config\Paths))
 9 SYSTEMPATH\Commands\Server\rewrite.php(49): require_once('C:\\xampp\\htdocs\\ProyectoGimnasio\\public\\index.php')
CRITICAL - 2024-09-26 20:13:59 --> [Caused by] CodeIgniter\Database\Exceptions\DatabaseException: Table 'gym.usuario' doesn't exist
in SYSTEMPATH\Database\MySQLi\Connection.php on line 313.
 1 SYSTEMPATH\Database\BaseConnection.php(722): CodeIgniter\Database\MySQLi\Connection->execute('select alias, tipo
        from Usuario 
        where alias = \'cris\' and cta =\'123\'')
 2 SYSTEMPATH\Database\BaseConnection.php(636): CodeIgniter\Database\BaseConnection->simpleQuery('select alias, tipo
        from Usuario 
        where alias = \'cris\' and cta =\'123\'')
 3 APPPATH\Models\UsuarioM.php(49): CodeIgniter\Database\BaseConnection->query('select alias, tipo
        from Usuario 
        where alias = \'cris\' and cta =\'123\'')
 4 APPPATH\Controllers\Usuario.php(143): App\Models\UsuarioM->validar('cris', '123')
 5 SYSTEMPATH\CodeIgniter.php(933): App\Controllers\Usuario->acceder()
 6 SYSTEMPATH\CodeIgniter.php(509): CodeIgniter\CodeIgniter->runController(Object(App\Controllers\Usuario))
 7 SYSTEMPATH\CodeIgniter.php(355): CodeIgniter\CodeIgniter->handleRequest(null, Object(Config\Cache), false)
 8 SYSTEMPATH\Boot.php(312): CodeIgniter\CodeIgniter->run()
 9 SYSTEMPATH\Boot.php(67): CodeIgniter\Boot::runCodeIgniter(Object(CodeIgniter\CodeIgniter))
10 FCPATH\index.php(56): CodeIgniter\Boot::bootWeb(Object(Config\Paths))
11 SYSTEMPATH\Commands\Server\rewrite.php(49): require_once('C:\\xampp\\htdocs\\ProyectoGimnasio\\public\\index.php')
CRITICAL - 2024-09-26 20:13:59 --> [Caused by] mysqli_sql_exception: Table 'gym.usuario' doesn't exist
in SYSTEMPATH\Database\MySQLi\Connection.php on line 308.
 1 SYSTEMPATH\Database\MySQLi\Connection.php(308): mysqli->query('select alias, tipo
        from Usuario 
        where alias = \'cris\' and cta =\'123\'', 0)
 2 SYSTEMPATH\Database\BaseConnection.php(722): CodeIgniter\Database\MySQLi\Connection->execute('select alias, tipo
        from Usuario 
        where alias = \'cris\' and cta =\'123\'')
 3 SYSTEMPATH\Database\BaseConnection.php(636): CodeIgniter\Database\BaseConnection->simpleQuery('select alias, tipo
        from Usuario 
        where alias = \'cris\' and cta =\'123\'')
 4 APPPATH\Models\UsuarioM.php(49): CodeIgniter\Database\BaseConnection->query('select alias, tipo
        from Usuario 
        where alias = \'cris\' and cta =\'123\'')
 5 APPPATH\Controllers\Usuario.php(143): App\Models\UsuarioM->validar('cris', '123')
 6 SYSTEMPATH\CodeIgniter.php(933): App\Controllers\Usuario->acceder()
 7 SYSTEMPATH\CodeIgniter.php(509): CodeIgniter\CodeIgniter->runController(Object(App\Controllers\Usuario))
 8 SYSTEMPATH\CodeIgniter.php(355): CodeIgniter\CodeIgniter->handleRequest(null, Object(Config\Cache), false)
 9 SYSTEMPATH\Boot.php(312): CodeIgniter\CodeIgniter->run()
10 SYSTEMPATH\Boot.php(67): CodeIgniter\Boot::runCodeIgniter(Object(CodeIgniter\CodeIgniter))
11 FCPATH\index.php(56): CodeIgniter\Boot::bootWeb(Object(Config\Paths))
12 SYSTEMPATH\Commands\Server\rewrite.php(49): require_once('C:\\xampp\\htdocs\\ProyectoGimnasio\\public\\index.php')
INFO - 2024-09-26 20:23:33 --> Session: Class initialized using 'CodeIgniter\Session\Handlers\FileHandler' driver.
INFO - 2024-09-26 20:23:33 --> Session: Class initialized using 'CodeIgniter\Session\Handlers\FileHandler' driver.
INFO - 2024-09-26 20:23:36 --> Session: Class initialized using 'CodeIgniter\Session\Handlers\FileHandler' driver.
CRITICAL - 2024-09-26 20:23:36 --> ErrorException: Undefined property: stdClass::$telefono
[Method: GET, Route: usuario/editar/1]
in APPPATH\Views\usuario\editar.php on line 29.
 1 APPPATH\Views\usuario\editar.php(29): CodeIgniter\Debug\Exceptions->errorHandler(2, 'Undefined property: stdClass::$telefono', 'C:\\xampp\\htdocs\\ProyectoGimnasio\\app\\Views\\usuario\\editar.php', 29)
 2 SYSTEMPATH\View\View.php(234): include('C:\\xampp\\htdocs\\ProyectoGimnasio\\app\\Views\\usuario\\editar.php')
 3 SYSTEMPATH\View\View.php(237): CodeIgniter\View\View->CodeIgniter\View\{closure}()
 4 SYSTEMPATH\Common.php(1171): CodeIgniter\View\View->render('usuario/editar', [], true)
 5 APPPATH\Controllers\Usuario.php(102): view('usuario/editar', [...])
 6 SYSTEMPATH\CodeIgniter.php(933): App\Controllers\Usuario->editar('1')
 7 SYSTEMPATH\CodeIgniter.php(509): CodeIgniter\CodeIgniter->runController(Object(App\Controllers\Usuario))
 8 SYSTEMPATH\CodeIgniter.php(355): CodeIgniter\CodeIgniter->handleRequest(null, Object(Config\Cache), false)
 9 SYSTEMPATH\Boot.php(312): CodeIgniter\CodeIgniter->run()
10 SYSTEMPATH\Boot.php(67): CodeIgniter\Boot::runCodeIgniter(Object(CodeIgniter\CodeIgniter))
11 FCPATH\index.php(56): CodeIgniter\Boot::bootWeb(Object(Config\Paths))
12 SYSTEMPATH\Commands\Server\rewrite.php(49): require_once('C:\\xampp\\htdocs\\ProyectoGimnasio\\public\\index.php')
INFO - 2024-09-26 20:23:39 --> Session: Class initialized using 'CodeIgniter\Session\Handlers\FileHandler' driver.
INFO - 2024-09-26 20:40:46 --> Session: Class initialized using 'CodeIgniter\Session\Handlers\FileHandler' driver.
INFO - 2024-09-26 20:40:46 --> Session: Class initialized using 'CodeIgniter\Session\Handlers\FileHandler' driver.
INFO - 2024-09-26 20:40:56 --> Session: Class initialized using 'CodeIgniter\Session\Handlers\FileHandler' driver.
INFO - 2024-09-26 20:41:11 --> Session: Class initialized using 'CodeIgniter\Session\Handlers\FileHandler' driver.
INFO - 2024-09-26 20:41:11 --> Session: Class initialized using 'CodeIgniter\Session\Handlers\FileHandler' driver.
INFO - 2024-09-26 20:44:31 --> Session: Class initialized using 'CodeIgniter\Session\Handlers\FileHandler' driver.
INFO - 2024-09-26 20:49:12 --> Session: Class initialized using 'CodeIgniter\Session\Handlers\FileHandler' driver.
INFO - 2024-09-26 20:49:12 --> Session: Class initialized using 'CodeIgniter\Session\Handlers\FileHandler' driver.
INFO - 2024-09-26 20:49:14 --> Session: Class initialized using 'CodeIgniter\Session\Handlers\FileHandler' driver.
CRITICAL - 2024-09-26 20:49:14 --> ErrorException: Undefined property: stdClass::$telefono
[Method: GET, Route: usuario/editar/1]
in APPPATH\Views\usuario\editar.php on line 29.
 1 APPPATH\Views\usuario\editar.php(29): CodeIgniter\Debug\Exceptions->errorHandler(2, 'Undefined property: stdClass::$telefono', 'C:\\xampp\\htdocs\\ProyectoGimnasio\\app\\Views\\usuario\\editar.php', 29)
 2 SYSTEMPATH\View\View.php(234): include('C:\\xampp\\htdocs\\ProyectoGimnasio\\app\\Views\\usuario\\editar.php')
 3 SYSTEMPATH\View\View.php(237): CodeIgniter\View\View->CodeIgniter\View\{closure}()
 4 SYSTEMPATH\Common.php(1171): CodeIgniter\View\View->render('usuario/editar', [], true)
 5 APPPATH\Controllers\Usuario.php(102): view('usuario/editar', [...])
 6 SYSTEMPATH\CodeIgniter.php(933): App\Controllers\Usuario->editar('1')
 7 SYSTEMPATH\CodeIgniter.php(509): CodeIgniter\CodeIgniter->runController(Object(App\Controllers\Usuario))
 8 SYSTEMPATH\CodeIgniter.php(355): CodeIgniter\CodeIgniter->handleRequest(null, Object(Config\Cache), false)
 9 SYSTEMPATH\Boot.php(312): CodeIgniter\CodeIgniter->run()
10 SYSTEMPATH\Boot.php(67): CodeIgniter\Boot::runCodeIgniter(Object(CodeIgniter\CodeIgniter))
11 FCPATH\index.php(56): CodeIgniter\Boot::bootWeb(Object(Config\Paths))
12 SYSTEMPATH\Commands\Server\rewrite.php(49): require_once('C:\\xampp\\htdocs\\ProyectoGimnasio\\public\\index.php')
INFO - 2024-09-26 20:49:16 --> Session: Class initialized using 'CodeIgniter\Session\Handlers\FileHandler' driver.
INFO - 2024-09-26 20:49:17 --> Session: Class initialized using 'CodeIgniter\Session\Handlers\FileHandler' driver.
INFO - 2024-09-26 20:50:16 --> Session: Class initialized using 'CodeIgniter\Session\Handlers\FileHandler' driver.
INFO - 2024-09-26 20:57:38 --> Session: Class initialized using 'CodeIgniter\Session\Handlers\FileHandler' driver.
INFO - 2024-09-26 20:57:38 --> Session: Class initialized using 'CodeIgniter\Session\Handlers\FileHandler' driver.
INFO - 2024-09-26 20:58:23 --> Session: Class initialized using 'CodeIgniter\Session\Handlers\FileHandler' driver.
CRITICAL - 2024-09-26 20:58:23 --> ErrorException: Undefined property: stdClass::$telefono
[Method: GET, Route: usuario/editar/1]
in APPPATH\Views\usuario\editar.php on line 29.
 1 APPPATH\Views\usuario\editar.php(29): CodeIgniter\Debug\Exceptions->errorHandler(2, 'Undefined property: stdClass::$telefono', 'C:\\xampp\\htdocs\\ProyectoGimnasio\\app\\Views\\usuario\\editar.php', 29)
 2 SYSTEMPATH\View\View.php(234): include('C:\\xampp\\htdocs\\ProyectoGimnasio\\app\\Views\\usuario\\editar.php')
 3 SYSTEMPATH\View\View.php(237): CodeIgniter\View\View->CodeIgniter\View\{closure}()
 4 SYSTEMPATH\Common.php(1171): CodeIgniter\View\View->render('usuario/editar', [], true)
 5 APPPATH\Controllers\Usuario.php(102): view('usuario/editar', [...])
 6 SYSTEMPATH\CodeIgniter.php(933): App\Controllers\Usuario->editar('1')
 7 SYSTEMPATH\CodeIgniter.php(509): CodeIgniter\CodeIgniter->runController(Object(App\Controllers\Usuario))
 8 SYSTEMPATH\CodeIgniter.php(355): CodeIgniter\CodeIgniter->handleRequest(null, Object(Config\Cache), false)
 9 SYSTEMPATH\Boot.php(312): CodeIgniter\CodeIgniter->run()
10 SYSTEMPATH\Boot.php(67): CodeIgniter\Boot::runCodeIgniter(Object(CodeIgniter\CodeIgniter))
11 FCPATH\index.php(56): CodeIgniter\Boot::bootWeb(Object(Config\Paths))
12 SYSTEMPATH\Commands\Server\rewrite.php(49): require_once('C:\\xampp\\htdocs\\ProyectoGimnasio\\public\\index.php')
INFO - 2024-09-26 20:58:30 --> Session: Class initialized using 'CodeIgniter\Session\Handlers\FileHandler' driver.
INFO - 2024-09-26 21:04:04 --> Session: Class initialized using 'CodeIgniter\Session\Handlers\FileHandler' driver.
CRITICAL - 2024-09-26 21:04:04 --> ErrorException: Undefined variable $nombre
[Method: GET, Route: usuario/agregar/]
in APPPATH\Views\menu.php on line 30.
 1 APPPATH\Views\menu.php(30): CodeIgniter\Debug\Exceptions->errorHandler(2, 'Undefined variable $nombre', 'C:\\xampp\\htdocs\\ProyectoGimnasio\\app\\Views\\menu.php', 30)
 2 SYSTEMPATH\View\View.php(234): include('C:\\xampp\\htdocs\\ProyectoGimnasio\\app\\Views\\menu.php')
 3 SYSTEMPATH\View\View.php(237): CodeIgniter\View\View->CodeIgniter\View\{closure}()
 4 SYSTEMPATH\Common.php(1171): CodeIgniter\View\View->render('menu', [], true)
 5 APPPATH\Controllers\Usuario.php(36): view('menu')
 6 SYSTEMPATH\CodeIgniter.php(933): App\Controllers\Usuario->agregar()
 7 SYSTEMPATH\CodeIgniter.php(509): CodeIgniter\CodeIgniter->runController(Object(App\Controllers\Usuario))
 8 SYSTEMPATH\CodeIgniter.php(355): CodeIgniter\CodeIgniter->handleRequest(null, Object(Config\Cache), false)
 9 SYSTEMPATH\Boot.php(312): CodeIgniter\CodeIgniter->run()
10 SYSTEMPATH\Boot.php(67): CodeIgniter\Boot::runCodeIgniter(Object(CodeIgniter\CodeIgniter))
11 FCPATH\index.php(56): CodeIgniter\Boot::bootWeb(Object(Config\Paths))
12 SYSTEMPATH\Commands\Server\rewrite.php(49): require_once('C:\\xampp\\htdocs\\ProyectoGimnasio\\public\\index.php')
INFO - 2024-09-26 21:04:22 --> Session: Class initialized using 'CodeIgniter\Session\Handlers\FileHandler' driver.
