CRITICAL - 2024-09-23 00:30:23 --> CodeIgniter\Router\Exceptions\RouterException: The namespace delimiter is a backslash (\), not a slash (/). Route handler: "\App\Controllers\/Usuario::editar"
[Method: GET, Route: usuario/editar]
in SYSTEMPATH\Router\Router.php on line 491.
 1 SYSTEMPATH\Router\Router.php(491): CodeIgniter\Router\Exceptions\RouterException::forInvalidControllerName('\\App\\Controllers\\/Usuario::editar')
 2 SYSTEMPATH\Router\Router.php(209): CodeIgniter\Router\Router->checkRoutes('usuario/editar')
 3 SYSTEMPATH\CodeIgniter.php(834): CodeIgniter\Router\Router->handle('usuario/editar')
 4 SYSTEMPATH\CodeIgniter.php(457): CodeIgniter\CodeIgniter->tryToRouteIt(Object(CodeIgniter\Router\RouteCollection))
 5 SYSTEMPATH\CodeIgniter.php(355): CodeIgniter\CodeIgniter->handleRequest(null, Object(Config\Cache), false)
 6 SYSTEMPATH\Boot.php(312): CodeIgniter\CodeIgniter->run()
 7 SYSTEMPATH\Boot.php(67): CodeIgniter\Boot::runCodeIgniter(Object(CodeIgniter\CodeIgniter))
 8 FCPATH\index.php(56): CodeIgniter\Boot::bootWeb(Object(Config\Paths))
 9 SYSTEMPATH\Commands\Server\rewrite.php(49): require_once('C:\\xampp\\htdocs\\ProyectoGimnasio\\public\\index.php')
CRITICAL - 2024-09-23 00:30:57 --> ArgumentCountError: Too few arguments to function App\Controllers\Usuario::editar(), 0 passed in C:\xampp\htdocs\ProyectoGimnasio\system\CodeIgniter.php on line 933 and exactly 1 expected
[Method: GET, Route: usuario/editar]
in APPPATH\Controllers\Usuario.php on line 42.
 1 SYSTEMPATH\CodeIgniter.php(933): App\Controllers\Usuario->editar()
 2 SYSTEMPATH\CodeIgniter.php(509): CodeIgniter\CodeIgniter->runController(Object(App\Controllers\Usuario))
 3 SYSTEMPATH\CodeIgniter.php(355): CodeIgniter\CodeIgniter->handleRequest(null, Object(Config\Cache), false)
 4 SYSTEMPATH\Boot.php(312): CodeIgniter\CodeIgniter->run()
 5 SYSTEMPATH\Boot.php(67): CodeIgniter\Boot::runCodeIgniter(Object(CodeIgniter\CodeIgniter))
 6 FCPATH\index.php(56): CodeIgniter\Boot::bootWeb(Object(Config\Paths))
 7 SYSTEMPATH\Commands\Server\rewrite.php(49): require_once('C:\\xampp\\htdocs\\ProyectoGimnasio\\public\\index.php')
CRITICAL - 2024-09-23 00:32:26 --> ArgumentCountError: Too few arguments to function App\Controllers\Usuario::editar(), 0 passed in C:\xampp\htdocs\ProyectoGimnasio\system\CodeIgniter.php on line 933 and exactly 1 expected
[Method: GET, Route: usuario/editar]
in APPPATH\Controllers\Usuario.php on line 42.
 1 SYSTEMPATH\CodeIgniter.php(933): App\Controllers\Usuario->editar()
 2 SYSTEMPATH\CodeIgniter.php(509): CodeIgniter\CodeIgniter->runController(Object(App\Controllers\Usuario))
 3 SYSTEMPATH\CodeIgniter.php(355): CodeIgniter\CodeIgniter->handleRequest(null, Object(Config\Cache), false)
 4 SYSTEMPATH\Boot.php(312): CodeIgniter\CodeIgniter->run()
 5 SYSTEMPATH\Boot.php(67): CodeIgniter\Boot::runCodeIgniter(Object(CodeIgniter\CodeIgniter))
 6 FCPATH\index.php(56): CodeIgniter\Boot::bootWeb(Object(Config\Paths))
 7 SYSTEMPATH\Commands\Server\rewrite.php(49): require_once('C:\\xampp\\htdocs\\ProyectoGimnasio\\public\\index.php')
CRITICAL - 2024-09-23 00:34:21 --> ArgumentCountError: Too few arguments to function App\Controllers\Usuario::editar(), 0 passed in C:\xampp\htdocs\ProyectoGimnasio\system\CodeIgniter.php on line 933 and exactly 1 expected
[Method: GET, Route: usuario/editar]
in APPPATH\Controllers\Usuario.php on line 42.
 1 SYSTEMPATH\CodeIgniter.php(933): App\Controllers\Usuario->editar()
 2 SYSTEMPATH\CodeIgniter.php(509): CodeIgniter\CodeIgniter->runController(Object(App\Controllers\Usuario))
 3 SYSTEMPATH\CodeIgniter.php(355): CodeIgniter\CodeIgniter->handleRequest(null, Object(Config\Cache), false)
 4 SYSTEMPATH\Boot.php(312): CodeIgniter\CodeIgniter->run()
 5 SYSTEMPATH\Boot.php(67): CodeIgniter\Boot::runCodeIgniter(Object(CodeIgniter\CodeIgniter))
 6 FCPATH\index.php(56): CodeIgniter\Boot::bootWeb(Object(Config\Paths))
 7 SYSTEMPATH\Commands\Server\rewrite.php(49): require_once('C:\\xampp\\htdocs\\ProyectoGimnasio\\public\\index.php')
CRITICAL - 2024-09-23 00:34:22 --> ArgumentCountError: Too few arguments to function App\Controllers\Usuario::editar(), 0 passed in C:\xampp\htdocs\ProyectoGimnasio\system\CodeIgniter.php on line 933 and exactly 1 expected
[Method: GET, Route: usuario/editar]
in APPPATH\Controllers\Usuario.php on line 42.
 1 SYSTEMPATH\CodeIgniter.php(933): App\Controllers\Usuario->editar()
 2 SYSTEMPATH\CodeIgniter.php(509): CodeIgniter\CodeIgniter->runController(Object(App\Controllers\Usuario))
 3 SYSTEMPATH\CodeIgniter.php(355): CodeIgniter\CodeIgniter->handleRequest(null, Object(Config\Cache), false)
 4 SYSTEMPATH\Boot.php(312): CodeIgniter\CodeIgniter->run()
 5 SYSTEMPATH\Boot.php(67): CodeIgniter\Boot::runCodeIgniter(Object(CodeIgniter\CodeIgniter))
 6 FCPATH\index.php(56): CodeIgniter\Boot::bootWeb(Object(Config\Paths))
 7 SYSTEMPATH\Commands\Server\rewrite.php(49): require_once('C:\\xampp\\htdocs\\ProyectoGimnasio\\public\\index.php')
ERROR - 2024-09-23 00:35:45 --> mysqli_sql_exception: Unknown column 'idMarca' in 'where clause' in C:\xampp\htdocs\ProyectoGimnasio\system\Database\MySQLi\Connection.php:308
Stack trace:
#0 C:\xampp\htdocs\ProyectoGimnasio\system\Database\MySQLi\Connection.php(308): mysqli->query('SELECT *\nFROM `...', 0)
#1 C:\xampp\htdocs\ProyectoGimnasio\system\Database\BaseConnection.php(722): CodeIgniter\Database\MySQLi\Connection->execute('SELECT *\nFROM `...')
#2 C:\xampp\htdocs\ProyectoGimnasio\system\Database\BaseConnection.php(636): CodeIgniter\Database\BaseConnection->simpleQuery('SELECT *\nFROM `...')
#3 C:\xampp\htdocs\ProyectoGimnasio\system\Database\BaseBuilder.php(1629): CodeIgniter\Database\BaseConnection->query('SELECT *\nFROM `...', Array, false)
#4 C:\xampp\htdocs\ProyectoGimnasio\system\Model.php(275): CodeIgniter\Database\BaseBuilder->get()
#5 C:\xampp\htdocs\ProyectoGimnasio\system\BaseModel.php(676): CodeIgniter\Model->doFindAll(0, 0)
#6 C:\xampp\htdocs\ProyectoGimnasio\app\Controllers\Usuario.php(46): CodeIgniter\BaseModel->findAll()
#7 C:\xampp\htdocs\ProyectoGimnasio\system\CodeIgniter.php(933): App\Controllers\Usuario->editar('1')
#8 C:\xampp\htdocs\ProyectoGimnasio\system\CodeIgniter.php(509): CodeIgniter\CodeIgniter->runController(Object(App\Controllers\Usuario))
#9 C:\xampp\htdocs\ProyectoGimnasio\system\CodeIgniter.php(355): CodeIgniter\CodeIgniter->handleRequest(NULL, Object(Config\Cache), false)
#10 C:\xampp\htdocs\ProyectoGimnasio\system\Boot.php(312): CodeIgniter\CodeIgniter->run()
#11 C:\xampp\htdocs\ProyectoGimnasio\system\Boot.php(67): CodeIgniter\Boot::runCodeIgniter(Object(CodeIgniter\CodeIgniter))
#12 C:\xampp\htdocs\ProyectoGimnasio\public\index.php(56): CodeIgniter\Boot::bootWeb(Object(Config\Paths))
#13 C:\xampp\htdocs\ProyectoGimnasio\system\Commands\Server\rewrite.php(49): require_once('C:\\xampp\\htdocs...')
#14 {main}
CRITICAL - 2024-09-23 00:35:45 --> CodeIgniter\Database\Exceptions\DatabaseException: Unknown column 'idMarca' in 'where clause'
[Method: GET, Route: usuario/editar/32]
in SYSTEMPATH\Database\BaseConnection.php on line 676.
 1 SYSTEMPATH\Database\BaseBuilder.php(1629): CodeIgniter\Database\BaseConnection->query('SELECT *
FROM `Usuario`
WHERE `idMarca` = :idMarca:', [...], false)
 2 SYSTEMPATH\Model.php(275): CodeIgniter\Database\BaseBuilder->get()
 3 SYSTEMPATH\BaseModel.php(676): CodeIgniter\Model->doFindAll(0, 0)
 4 APPPATH\Controllers\Usuario.php(46): CodeIgniter\BaseModel->findAll()
 5 SYSTEMPATH\CodeIgniter.php(933): App\Controllers\Usuario->editar('1')
 6 SYSTEMPATH\CodeIgniter.php(509): CodeIgniter\CodeIgniter->runController(Object(App\Controllers\Usuario))
 7 SYSTEMPATH\CodeIgniter.php(355): CodeIgniter\CodeIgniter->handleRequest(null, Object(Config\Cache), false)
 8 SYSTEMPATH\Boot.php(312): CodeIgniter\CodeIgniter->run()
 9 SYSTEMPATH\Boot.php(67): CodeIgniter\Boot::runCodeIgniter(Object(CodeIgniter\CodeIgniter))
10 FCPATH\index.php(56): CodeIgniter\Boot::bootWeb(Object(Config\Paths))
11 SYSTEMPATH\Commands\Server\rewrite.php(49): require_once('C:\\xampp\\htdocs\\ProyectoGimnasio\\public\\index.php')
CRITICAL - 2024-09-23 00:35:45 --> [Caused by] CodeIgniter\Database\Exceptions\DatabaseException: Unknown column 'idMarca' in 'where clause'
in SYSTEMPATH\Database\MySQLi\Connection.php on line 313.
 1 SYSTEMPATH\Database\BaseConnection.php(722): CodeIgniter\Database\MySQLi\Connection->execute('SELECT *
FROM `Usuario`
WHERE `idMarca` = \'1\'')
 2 SYSTEMPATH\Database\BaseConnection.php(636): CodeIgniter\Database\BaseConnection->simpleQuery('SELECT *
FROM `Usuario`
WHERE `idMarca` = \'1\'')
 3 SYSTEMPATH\Database\BaseBuilder.php(1629): CodeIgniter\Database\BaseConnection->query('SELECT *
FROM `Usuario`
WHERE `idMarca` = :idMarca:', [...], false)
 4 SYSTEMPATH\Model.php(275): CodeIgniter\Database\BaseBuilder->get()
 5 SYSTEMPATH\BaseModel.php(676): CodeIgniter\Model->doFindAll(0, 0)
 6 APPPATH\Controllers\Usuario.php(46): CodeIgniter\BaseModel->findAll()
 7 SYSTEMPATH\CodeIgniter.php(933): App\Controllers\Usuario->editar('1')
 8 SYSTEMPATH\CodeIgniter.php(509): CodeIgniter\CodeIgniter->runController(Object(App\Controllers\Usuario))
 9 SYSTEMPATH\CodeIgniter.php(355): CodeIgniter\CodeIgniter->handleRequest(null, Object(Config\Cache), false)
10 SYSTEMPATH\Boot.php(312): CodeIgniter\CodeIgniter->run()
11 SYSTEMPATH\Boot.php(67): CodeIgniter\Boot::runCodeIgniter(Object(CodeIgniter\CodeIgniter))
12 FCPATH\index.php(56): CodeIgniter\Boot::bootWeb(Object(Config\Paths))
13 SYSTEMPATH\Commands\Server\rewrite.php(49): require_once('C:\\xampp\\htdocs\\ProyectoGimnasio\\public\\index.php')
CRITICAL - 2024-09-23 00:35:45 --> [Caused by] mysqli_sql_exception: Unknown column 'idMarca' in 'where clause'
in SYSTEMPATH\Database\MySQLi\Connection.php on line 308.
 1 SYSTEMPATH\Database\MySQLi\Connection.php(308): mysqli->query('SELECT *
FROM `Usuario`
WHERE `idMarca` = \'1\'', 0)
 2 SYSTEMPATH\Database\BaseConnection.php(722): CodeIgniter\Database\MySQLi\Connection->execute('SELECT *
FROM `Usuario`
WHERE `idMarca` = \'1\'')
 3 SYSTEMPATH\Database\BaseConnection.php(636): CodeIgniter\Database\BaseConnection->simpleQuery('SELECT *
FROM `Usuario`
WHERE `idMarca` = \'1\'')
 4 SYSTEMPATH\Database\BaseBuilder.php(1629): CodeIgniter\Database\BaseConnection->query('SELECT *
FROM `Usuario`
WHERE `idMarca` = :idMarca:', [...], false)
 5 SYSTEMPATH\Model.php(275): CodeIgniter\Database\BaseBuilder->get()
 6 SYSTEMPATH\BaseModel.php(676): CodeIgniter\Model->doFindAll(0, 0)
 7 APPPATH\Controllers\Usuario.php(46): CodeIgniter\BaseModel->findAll()
 8 SYSTEMPATH\CodeIgniter.php(933): App\Controllers\Usuario->editar('1')
 9 SYSTEMPATH\CodeIgniter.php(509): CodeIgniter\CodeIgniter->runController(Object(App\Controllers\Usuario))
10 SYSTEMPATH\CodeIgniter.php(355): CodeIgniter\CodeIgniter->handleRequest(null, Object(Config\Cache), false)
11 SYSTEMPATH\Boot.php(312): CodeIgniter\CodeIgniter->run()
12 SYSTEMPATH\Boot.php(67): CodeIgniter\Boot::runCodeIgniter(Object(CodeIgniter\CodeIgniter))
13 FCPATH\index.php(56): CodeIgniter\Boot::bootWeb(Object(Config\Paths))
14 SYSTEMPATH\Commands\Server\rewrite.php(49): require_once('C:\\xampp\\htdocs\\ProyectoGimnasio\\public\\index.php')
CRITICAL - 2024-09-23 00:42:55 --> ParseError: syntax error, unexpected end of file
[Method: GET, Route: usuario/editar/32]
in APPPATH\Views\usuario\editar.php on line 36.
 1 SYSTEMPATH\View\View.php(237): CodeIgniter\View\View->CodeIgniter\View\{closure}()
 2 SYSTEMPATH\Common.php(1171): CodeIgniter\View\View->render('usuario/editar', [], true)
 3 APPPATH\Controllers\Usuario.php(49): view('usuario/editar', [...])
 4 SYSTEMPATH\CodeIgniter.php(933): App\Controllers\Usuario->editar('1')
 5 SYSTEMPATH\CodeIgniter.php(509): CodeIgniter\CodeIgniter->runController(Object(App\Controllers\Usuario))
 6 SYSTEMPATH\CodeIgniter.php(355): CodeIgniter\CodeIgniter->handleRequest(null, Object(Config\Cache), false)
 7 SYSTEMPATH\Boot.php(312): CodeIgniter\CodeIgniter->run()
 8 SYSTEMPATH\Boot.php(67): CodeIgniter\Boot::runCodeIgniter(Object(CodeIgniter\CodeIgniter))
 9 FCPATH\index.php(56): CodeIgniter\Boot::bootWeb(Object(Config\Paths))
10 SYSTEMPATH\Commands\Server\rewrite.php(49): require_once('C:\\xampp\\htdocs\\ProyectoGimnasio\\public\\index.php')
CRITICAL - 2024-09-23 00:42:59 --> ParseError: syntax error, unexpected end of file
[Method: GET, Route: usuario/editar/32]
in APPPATH\Views\usuario\editar.php on line 36.
 1 SYSTEMPATH\View\View.php(237): CodeIgniter\View\View->CodeIgniter\View\{closure}()
 2 SYSTEMPATH\Common.php(1171): CodeIgniter\View\View->render('usuario/editar', [], true)
 3 APPPATH\Controllers\Usuario.php(49): view('usuario/editar', [...])
 4 SYSTEMPATH\CodeIgniter.php(933): App\Controllers\Usuario->editar('1')
 5 SYSTEMPATH\CodeIgniter.php(509): CodeIgniter\CodeIgniter->runController(Object(App\Controllers\Usuario))
 6 SYSTEMPATH\CodeIgniter.php(355): CodeIgniter\CodeIgniter->handleRequest(null, Object(Config\Cache), false)
 7 SYSTEMPATH\Boot.php(312): CodeIgniter\CodeIgniter->run()
 8 SYSTEMPATH\Boot.php(67): CodeIgniter\Boot::runCodeIgniter(Object(CodeIgniter\CodeIgniter))
 9 FCPATH\index.php(56): CodeIgniter\Boot::bootWeb(Object(Config\Paths))
10 SYSTEMPATH\Commands\Server\rewrite.php(49): require_once('C:\\xampp\\htdocs\\ProyectoGimnasio\\public\\index.php')
CRITICAL - 2024-09-23 00:45:51 --> ErrorException: Array to string conversion
[Method: GET, Route: usuario/editar/32]
in APPPATH\Views\usuario\editar.php on line 5.
 1 APPPATH\Views\usuario\editar.php(5): CodeIgniter\Debug\Exceptions->errorHandler(2, 'Array to string conversion', 'C:\\xampp\\htdocs\\ProyectoGimnasio\\app\\Views\\usuario\\editar.php', 5)
 2 SYSTEMPATH\View\View.php(234): include('C:\\xampp\\htdocs\\ProyectoGimnasio\\app\\Views\\usuario\\editar.php')
 3 SYSTEMPATH\View\View.php(237): CodeIgniter\View\View->CodeIgniter\View\{closure}()
 4 SYSTEMPATH\Common.php(1171): CodeIgniter\View\View->render('usuario/editar', [], true)
 5 APPPATH\Controllers\Usuario.php(49): view('usuario/editar', [...])
 6 SYSTEMPATH\CodeIgniter.php(933): App\Controllers\Usuario->editar('1')
 7 SYSTEMPATH\CodeIgniter.php(509): CodeIgniter\CodeIgniter->runController(Object(App\Controllers\Usuario))
 8 SYSTEMPATH\CodeIgniter.php(355): CodeIgniter\CodeIgniter->handleRequest(null, Object(Config\Cache), false)
 9 SYSTEMPATH\Boot.php(312): CodeIgniter\CodeIgniter->run()
10 SYSTEMPATH\Boot.php(67): CodeIgniter\Boot::runCodeIgniter(Object(CodeIgniter\CodeIgniter))
11 FCPATH\index.php(56): CodeIgniter\Boot::bootWeb(Object(Config\Paths))
12 SYSTEMPATH\Commands\Server\rewrite.php(49): require_once('C:\\xampp\\htdocs\\ProyectoGimnasio\\public\\index.php')
CRITICAL - 2024-09-23 00:46:24 --> ErrorException: Array to string conversion
[Method: GET, Route: usuario/editar/32]
in APPPATH\Views\usuario\editar.php on line 5.
 1 APPPATH\Views\usuario\editar.php(5): CodeIgniter\Debug\Exceptions->errorHandler(2, 'Array to string conversion', 'C:\\xampp\\htdocs\\ProyectoGimnasio\\app\\Views\\usuario\\editar.php', 5)
 2 SYSTEMPATH\View\View.php(234): include('C:\\xampp\\htdocs\\ProyectoGimnasio\\app\\Views\\usuario\\editar.php')
 3 SYSTEMPATH\View\View.php(237): CodeIgniter\View\View->CodeIgniter\View\{closure}()
 4 SYSTEMPATH\Common.php(1171): CodeIgniter\View\View->render('usuario/editar', [], true)
 5 APPPATH\Controllers\Usuario.php(49): view('usuario/editar', [...])
 6 SYSTEMPATH\CodeIgniter.php(933): App\Controllers\Usuario->editar('1')
 7 SYSTEMPATH\CodeIgniter.php(509): CodeIgniter\CodeIgniter->runController(Object(App\Controllers\Usuario))
 8 SYSTEMPATH\CodeIgniter.php(355): CodeIgniter\CodeIgniter->handleRequest(null, Object(Config\Cache), false)
 9 SYSTEMPATH\Boot.php(312): CodeIgniter\CodeIgniter->run()
10 SYSTEMPATH\Boot.php(67): CodeIgniter\Boot::runCodeIgniter(Object(CodeIgniter\CodeIgniter))
11 FCPATH\index.php(56): CodeIgniter\Boot::bootWeb(Object(Config\Paths))
12 SYSTEMPATH\Commands\Server\rewrite.php(49): require_once('C:\\xampp\\htdocs\\ProyectoGimnasio\\public\\index.php')
CRITICAL - 2024-09-23 00:46:28 --> ErrorException: Array to string conversion
[Method: GET, Route: usuario/editar/32]
in APPPATH\Views\usuario\editar.php on line 5.
 1 APPPATH\Views\usuario\editar.php(5): CodeIgniter\Debug\Exceptions->errorHandler(2, 'Array to string conversion', 'C:\\xampp\\htdocs\\ProyectoGimnasio\\app\\Views\\usuario\\editar.php', 5)
 2 SYSTEMPATH\View\View.php(234): include('C:\\xampp\\htdocs\\ProyectoGimnasio\\app\\Views\\usuario\\editar.php')
 3 SYSTEMPATH\View\View.php(237): CodeIgniter\View\View->CodeIgniter\View\{closure}()
 4 SYSTEMPATH\Common.php(1171): CodeIgniter\View\View->render('usuario/editar', [], true)
 5 APPPATH\Controllers\Usuario.php(49): view('usuario/editar', [...])
 6 SYSTEMPATH\CodeIgniter.php(933): App\Controllers\Usuario->editar('1')
 7 SYSTEMPATH\CodeIgniter.php(509): CodeIgniter\CodeIgniter->runController(Object(App\Controllers\Usuario))
 8 SYSTEMPATH\CodeIgniter.php(355): CodeIgniter\CodeIgniter->handleRequest(null, Object(Config\Cache), false)
 9 SYSTEMPATH\Boot.php(312): CodeIgniter\CodeIgniter->run()
10 SYSTEMPATH\Boot.php(67): CodeIgniter\Boot::runCodeIgniter(Object(CodeIgniter\CodeIgniter))
11 FCPATH\index.php(56): CodeIgniter\Boot::bootWeb(Object(Config\Paths))
12 SYSTEMPATH\Commands\Server\rewrite.php(49): require_once('C:\\xampp\\htdocs\\ProyectoGimnasio\\public\\index.php')
CRITICAL - 2024-09-23 00:51:42 --> ErrorException: Undefined array key 0
[Method: GET, Route: usuario/editar/32]
in APPPATH\Views\usuario\editar.php on line 10.
 1 APPPATH\Views\usuario\editar.php(10): CodeIgniter\Debug\Exceptions->errorHandler(2, 'Undefined array key 0', 'C:\\xampp\\htdocs\\ProyectoGimnasio\\app\\Views\\usuario\\editar.php', 10)
 2 SYSTEMPATH\View\View.php(234): include('C:\\xampp\\htdocs\\ProyectoGimnasio\\app\\Views\\usuario\\editar.php')
 3 SYSTEMPATH\View\View.php(237): CodeIgniter\View\View->CodeIgniter\View\{closure}()
 4 SYSTEMPATH\Common.php(1171): CodeIgniter\View\View->render('usuario/editar', [], true)
 5 APPPATH\Controllers\Usuario.php(49): view('usuario/editar', [...])
 6 SYSTEMPATH\CodeIgniter.php(933): App\Controllers\Usuario->editar('1')
 7 SYSTEMPATH\CodeIgniter.php(509): CodeIgniter\CodeIgniter->runController(Object(App\Controllers\Usuario))
 8 SYSTEMPATH\CodeIgniter.php(355): CodeIgniter\CodeIgniter->handleRequest(null, Object(Config\Cache), false)
 9 SYSTEMPATH\Boot.php(312): CodeIgniter\CodeIgniter->run()
10 SYSTEMPATH\Boot.php(67): CodeIgniter\Boot::runCodeIgniter(Object(CodeIgniter\CodeIgniter))
11 FCPATH\index.php(56): CodeIgniter\Boot::bootWeb(Object(Config\Paths))
12 SYSTEMPATH\Commands\Server\rewrite.php(49): require_once('C:\\xampp\\htdocs\\ProyectoGimnasio\\public\\index.php')
CRITICAL - 2024-09-23 00:51:48 --> ErrorException: Undefined array key 0
[Method: GET, Route: usuario/editar/32]
in APPPATH\Views\usuario\editar.php on line 10.
 1 APPPATH\Views\usuario\editar.php(10): CodeIgniter\Debug\Exceptions->errorHandler(2, 'Undefined array key 0', 'C:\\xampp\\htdocs\\ProyectoGimnasio\\app\\Views\\usuario\\editar.php', 10)
 2 SYSTEMPATH\View\View.php(234): include('C:\\xampp\\htdocs\\ProyectoGimnasio\\app\\Views\\usuario\\editar.php')
 3 SYSTEMPATH\View\View.php(237): CodeIgniter\View\View->CodeIgniter\View\{closure}()
 4 SYSTEMPATH\Common.php(1171): CodeIgniter\View\View->render('usuario/editar', [], true)
 5 APPPATH\Controllers\Usuario.php(49): view('usuario/editar', [...])
 6 SYSTEMPATH\CodeIgniter.php(933): App\Controllers\Usuario->editar('1')
 7 SYSTEMPATH\CodeIgniter.php(509): CodeIgniter\CodeIgniter->runController(Object(App\Controllers\Usuario))
 8 SYSTEMPATH\CodeIgniter.php(355): CodeIgniter\CodeIgniter->handleRequest(null, Object(Config\Cache), false)
 9 SYSTEMPATH\Boot.php(312): CodeIgniter\CodeIgniter->run()
10 SYSTEMPATH\Boot.php(67): CodeIgniter\Boot::runCodeIgniter(Object(CodeIgniter\CodeIgniter))
11 FCPATH\index.php(56): CodeIgniter\Boot::bootWeb(Object(Config\Paths))
12 SYSTEMPATH\Commands\Server\rewrite.php(49): require_once('C:\\xampp\\htdocs\\ProyectoGimnasio\\public\\index.php')
CRITICAL - 2024-09-23 00:59:13 --> ErrorException: Undefined array key 0
[Method: GET, Route: usuario/editar/32]
in APPPATH\Views\usuario\editar.php on line 10.
 1 APPPATH\Views\usuario\editar.php(10): CodeIgniter\Debug\Exceptions->errorHandler(2, 'Undefined array key 0', 'C:\\xampp\\htdocs\\ProyectoGimnasio\\app\\Views\\usuario\\editar.php', 10)
 2 SYSTEMPATH\View\View.php(234): include('C:\\xampp\\htdocs\\ProyectoGimnasio\\app\\Views\\usuario\\editar.php')
 3 SYSTEMPATH\View\View.php(237): CodeIgniter\View\View->CodeIgniter\View\{closure}()
 4 SYSTEMPATH\Common.php(1171): CodeIgniter\View\View->render('usuario/editar', [], true)
 5 APPPATH\Controllers\Usuario.php(49): view('usuario/editar', [...])
 6 SYSTEMPATH\CodeIgniter.php(933): App\Controllers\Usuario->editar('1')
 7 SYSTEMPATH\CodeIgniter.php(509): CodeIgniter\CodeIgniter->runController(Object(App\Controllers\Usuario))
 8 SYSTEMPATH\CodeIgniter.php(355): CodeIgniter\CodeIgniter->handleRequest(null, Object(Config\Cache), false)
 9 SYSTEMPATH\Boot.php(312): CodeIgniter\CodeIgniter->run()
10 SYSTEMPATH\Boot.php(67): CodeIgniter\Boot::runCodeIgniter(Object(CodeIgniter\CodeIgniter))
11 FCPATH\index.php(56): CodeIgniter\Boot::bootWeb(Object(Config\Paths))
12 SYSTEMPATH\Commands\Server\rewrite.php(49): require_once('C:\\xampp\\htdocs\\ProyectoGimnasio\\public\\index.php')
CRITICAL - 2024-09-23 01:00:05 --> ParseError: syntax error, unexpected token ";"
[Method: GET, Route: usuario/editar/32]
in APPPATH\Views\usuario\editar.php on line 10.
 1 SYSTEMPATH\View\View.php(237): CodeIgniter\View\View->CodeIgniter\View\{closure}()
 2 SYSTEMPATH\Common.php(1171): CodeIgniter\View\View->render('usuario/editar', [], true)
 3 APPPATH\Controllers\Usuario.php(49): view('usuario/editar', [...])
 4 SYSTEMPATH\CodeIgniter.php(933): App\Controllers\Usuario->editar('1')
 5 SYSTEMPATH\CodeIgniter.php(509): CodeIgniter\CodeIgniter->runController(Object(App\Controllers\Usuario))
 6 SYSTEMPATH\CodeIgniter.php(355): CodeIgniter\CodeIgniter->handleRequest(null, Object(Config\Cache), false)
 7 SYSTEMPATH\Boot.php(312): CodeIgniter\CodeIgniter->run()
 8 SYSTEMPATH\Boot.php(67): CodeIgniter\Boot::runCodeIgniter(Object(CodeIgniter\CodeIgniter))
 9 FCPATH\index.php(56): CodeIgniter\Boot::bootWeb(Object(Config\Paths))
10 SYSTEMPATH\Commands\Server\rewrite.php(49): require_once('C:\\xampp\\htdocs\\ProyectoGimnasio\\public\\index.php')
CRITICAL - 2024-09-23 01:59:30 --> Error: Array callback must have exactly two elements
[Method: POST, Route: usuario/actualizar/]
in APPPATH\Controllers\Usuario.php on line 55.
 1 SYSTEMPATH\CodeIgniter.php(933): App\Controllers\Usuario->actualizar()
 2 SYSTEMPATH\CodeIgniter.php(509): CodeIgniter\CodeIgniter->runController(Object(App\Controllers\Usuario))
 3 SYSTEMPATH\CodeIgniter.php(355): CodeIgniter\CodeIgniter->handleRequest(null, Object(Config\Cache), false)
 4 SYSTEMPATH\Boot.php(312): CodeIgniter\CodeIgniter->run()
 5 SYSTEMPATH\Boot.php(67): CodeIgniter\Boot::runCodeIgniter(Object(CodeIgniter\CodeIgniter))
 6 FCPATH\index.php(56): CodeIgniter\Boot::bootWeb(Object(Config\Paths))
 7 SYSTEMPATH\Commands\Server\rewrite.php(49): require_once('C:\\xampp\\htdocs\\ProyectoGimnasio\\public\\index.php')
CRITICAL - 2024-09-23 02:01:53 --> Error: Array callback must have exactly two elements
[Method: POST, Route: usuario/actualizar/]
in APPPATH\Controllers\Usuario.php on line 55.
 1 SYSTEMPATH\CodeIgniter.php(933): App\Controllers\Usuario->actualizar()
 2 SYSTEMPATH\CodeIgniter.php(509): CodeIgniter\CodeIgniter->runController(Object(App\Controllers\Usuario))
 3 SYSTEMPATH\CodeIgniter.php(355): CodeIgniter\CodeIgniter->handleRequest(null, Object(Config\Cache), false)
 4 SYSTEMPATH\Boot.php(312): CodeIgniter\CodeIgniter->run()
 5 SYSTEMPATH\Boot.php(67): CodeIgniter\Boot::runCodeIgniter(Object(CodeIgniter\CodeIgniter))
 6 FCPATH\index.php(56): CodeIgniter\Boot::bootWeb(Object(Config\Paths))
 7 SYSTEMPATH\Commands\Server\rewrite.php(49): require_once('C:\\xampp\\htdocs\\ProyectoGimnasio\\public\\index.php')
CRITICAL - 2024-09-23 02:02:09 --> Error: Array callback must have exactly two elements
[Method: POST, Route: usuario/actualizar/]
in APPPATH\Controllers\Usuario.php on line 55.
 1 SYSTEMPATH\CodeIgniter.php(933): App\Controllers\Usuario->actualizar()
 2 SYSTEMPATH\CodeIgniter.php(509): CodeIgniter\CodeIgniter->runController(Object(App\Controllers\Usuario))
 3 SYSTEMPATH\CodeIgniter.php(355): CodeIgniter\CodeIgniter->handleRequest(null, Object(Config\Cache), false)
 4 SYSTEMPATH\Boot.php(312): CodeIgniter\CodeIgniter->run()
 5 SYSTEMPATH\Boot.php(67): CodeIgniter\Boot::runCodeIgniter(Object(CodeIgniter\CodeIgniter))
 6 FCPATH\index.php(56): CodeIgniter\Boot::bootWeb(Object(Config\Paths))
 7 SYSTEMPATH\Commands\Server\rewrite.php(49): require_once('C:\\xampp\\htdocs\\ProyectoGimnasio\\public\\index.php')
CRITICAL - 2024-09-23 02:04:58 --> Error: Array callback must have exactly two elements
[Method: POST, Route: usuario/actualizar/]
in APPPATH\Controllers\Usuario.php on line 55.
 1 SYSTEMPATH\CodeIgniter.php(933): App\Controllers\Usuario->actualizar()
 2 SYSTEMPATH\CodeIgniter.php(509): CodeIgniter\CodeIgniter->runController(Object(App\Controllers\Usuario))
 3 SYSTEMPATH\CodeIgniter.php(355): CodeIgniter\CodeIgniter->handleRequest(null, Object(Config\Cache), false)
 4 SYSTEMPATH\Boot.php(312): CodeIgniter\CodeIgniter->run()
 5 SYSTEMPATH\Boot.php(67): CodeIgniter\Boot::runCodeIgniter(Object(CodeIgniter\CodeIgniter))
 6 FCPATH\index.php(56): CodeIgniter\Boot::bootWeb(Object(Config\Paths))
 7 SYSTEMPATH\Commands\Server\rewrite.php(49): require_once('C:\\xampp\\htdocs\\ProyectoGimnasio\\public\\index.php')
CRITICAL - 2024-09-23 02:08:48 --> ErrorException: Undefined property: stdClass::$apellido
[Method: GET, Route: usuario/editar/32]
in APPPATH\Views\usuario\editar.php on line 12.
 1 APPPATH\Views\usuario\editar.php(12): CodeIgniter\Debug\Exceptions->errorHandler(2, 'Undefined property: stdClass::$apellido', 'C:\\xampp\\htdocs\\ProyectoGimnasio\\app\\Views\\usuario\\editar.php', 12)
 2 SYSTEMPATH\View\View.php(234): include('C:\\xampp\\htdocs\\ProyectoGimnasio\\app\\Views\\usuario\\editar.php')
 3 SYSTEMPATH\View\View.php(237): CodeIgniter\View\View->CodeIgniter\View\{closure}()
 4 SYSTEMPATH\Common.php(1171): CodeIgniter\View\View->render('usuario/editar', [], true)
 5 APPPATH\Controllers\Usuario.php(49): view('usuario/editar', [...])
 6 SYSTEMPATH\CodeIgniter.php(933): App\Controllers\Usuario->editar('32 ')
 7 SYSTEMPATH\CodeIgniter.php(509): CodeIgniter\CodeIgniter->runController(Object(App\Controllers\Usuario))
 8 SYSTEMPATH\CodeIgniter.php(355): CodeIgniter\CodeIgniter->handleRequest(null, Object(Config\Cache), false)
 9 SYSTEMPATH\Boot.php(312): CodeIgniter\CodeIgniter->run()
10 SYSTEMPATH\Boot.php(67): CodeIgniter\Boot::runCodeIgniter(Object(CodeIgniter\CodeIgniter))
11 FCPATH\index.php(56): CodeIgniter\Boot::bootWeb(Object(Config\Paths))
12 SYSTEMPATH\Commands\Server\rewrite.php(49): require_once('C:\\xampp\\htdocs\\ProyectoGimnasio\\public\\index.php')
CRITICAL - 2024-09-23 02:11:10 --> ErrorException: Undefined property: stdClass::$apelldioM
[Method: GET, Route: usuario/editar/32]
in APPPATH\Views\usuario\editar.php on line 14.
 1 APPPATH\Views\usuario\editar.php(14): CodeIgniter\Debug\Exceptions->errorHandler(2, 'Undefined property: stdClass::$apelldioM', 'C:\\xampp\\htdocs\\ProyectoGimnasio\\app\\Views\\usuario\\editar.php', 14)
 2 SYSTEMPATH\View\View.php(234): include('C:\\xampp\\htdocs\\ProyectoGimnasio\\app\\Views\\usuario\\editar.php')
 3 SYSTEMPATH\View\View.php(237): CodeIgniter\View\View->CodeIgniter\View\{closure}()
 4 SYSTEMPATH\Common.php(1171): CodeIgniter\View\View->render('usuario/editar', [], true)
 5 APPPATH\Controllers\Usuario.php(49): view('usuario/editar', [...])
 6 SYSTEMPATH\CodeIgniter.php(933): App\Controllers\Usuario->editar('32 ')
 7 SYSTEMPATH\CodeIgniter.php(509): CodeIgniter\CodeIgniter->runController(Object(App\Controllers\Usuario))
 8 SYSTEMPATH\CodeIgniter.php(355): CodeIgniter\CodeIgniter->handleRequest(null, Object(Config\Cache), false)
 9 SYSTEMPATH\Boot.php(312): CodeIgniter\CodeIgniter->run()
10 SYSTEMPATH\Boot.php(67): CodeIgniter\Boot::runCodeIgniter(Object(CodeIgniter\CodeIgniter))
11 FCPATH\index.php(56): CodeIgniter\Boot::bootWeb(Object(Config\Paths))
12 SYSTEMPATH\Commands\Server\rewrite.php(49): require_once('C:\\xampp\\htdocs\\ProyectoGimnasio\\public\\index.php')
CRITICAL - 2024-09-23 02:19:30 --> Error: Array callback must have exactly two elements
[Method: POST, Route: usuario/actualizar/]
in APPPATH\Controllers\Usuario.php on line 55.
 1 SYSTEMPATH\CodeIgniter.php(933): App\Controllers\Usuario->actualizar()
 2 SYSTEMPATH\CodeIgniter.php(509): CodeIgniter\CodeIgniter->runController(Object(App\Controllers\Usuario))
 3 SYSTEMPATH\CodeIgniter.php(355): CodeIgniter\CodeIgniter->handleRequest(null, Object(Config\Cache), false)
 4 SYSTEMPATH\Boot.php(312): CodeIgniter\CodeIgniter->run()
 5 SYSTEMPATH\Boot.php(67): CodeIgniter\Boot::runCodeIgniter(Object(CodeIgniter\CodeIgniter))
 6 FCPATH\index.php(56): CodeIgniter\Boot::bootWeb(Object(Config\Paths))
 7 SYSTEMPATH\Commands\Server\rewrite.php(49): require_once('C:\\xampp\\htdocs\\ProyectoGimnasio\\public\\index.php')
CRITICAL - 2024-09-23 02:19:50 --> Error: Array callback must have exactly two elements
[Method: POST, Route: usuario/actualizar/]
in APPPATH\Controllers\Usuario.php on line 55.
 1 SYSTEMPATH\CodeIgniter.php(933): App\Controllers\Usuario->actualizar()
 2 SYSTEMPATH\CodeIgniter.php(509): CodeIgniter\CodeIgniter->runController(Object(App\Controllers\Usuario))
 3 SYSTEMPATH\CodeIgniter.php(355): CodeIgniter\CodeIgniter->handleRequest(null, Object(Config\Cache), false)
 4 SYSTEMPATH\Boot.php(312): CodeIgniter\CodeIgniter->run()
 5 SYSTEMPATH\Boot.php(67): CodeIgniter\Boot::runCodeIgniter(Object(CodeIgniter\CodeIgniter))
 6 FCPATH\index.php(56): CodeIgniter\Boot::bootWeb(Object(Config\Paths))
 7 SYSTEMPATH\Commands\Server\rewrite.php(49): require_once('C:\\xampp\\htdocs\\ProyectoGimnasio\\public\\index.php')
CRITICAL - 2024-09-23 02:20:55 --> Error: Array callback must have exactly two elements
[Method: POST, Route: usuario/actualizar/]
in APPPATH\Controllers\Usuario.php on line 55.
 1 SYSTEMPATH\CodeIgniter.php(933): App\Controllers\Usuario->actualizar()
 2 SYSTEMPATH\CodeIgniter.php(509): CodeIgniter\CodeIgniter->runController(Object(App\Controllers\Usuario))
 3 SYSTEMPATH\CodeIgniter.php(355): CodeIgniter\CodeIgniter->handleRequest(null, Object(Config\Cache), false)
 4 SYSTEMPATH\Boot.php(312): CodeIgniter\CodeIgniter->run()
 5 SYSTEMPATH\Boot.php(67): CodeIgniter\Boot::runCodeIgniter(Object(CodeIgniter\CodeIgniter))
 6 FCPATH\index.php(56): CodeIgniter\Boot::bootWeb(Object(Config\Paths))
 7 SYSTEMPATH\Commands\Server\rewrite.php(49): require_once('C:\\xampp\\htdocs\\ProyectoGimnasio\\public\\index.php')
CRITICAL - 2024-09-23 02:24:12 --> Error: Array callback must have exactly two elements
[Method: POST, Route: usuario/actualizar/]
in APPPATH\Controllers\Usuario.php on line 55.
 1 SYSTEMPATH\CodeIgniter.php(933): App\Controllers\Usuario->actualizar()
 2 SYSTEMPATH\CodeIgniter.php(509): CodeIgniter\CodeIgniter->runController(Object(App\Controllers\Usuario))
 3 SYSTEMPATH\CodeIgniter.php(355): CodeIgniter\CodeIgniter->handleRequest(null, Object(Config\Cache), false)
 4 SYSTEMPATH\Boot.php(312): CodeIgniter\CodeIgniter->run()
 5 SYSTEMPATH\Boot.php(67): CodeIgniter\Boot::runCodeIgniter(Object(CodeIgniter\CodeIgniter))
 6 FCPATH\index.php(56): CodeIgniter\Boot::bootWeb(Object(Config\Paths))
 7 SYSTEMPATH\Commands\Server\rewrite.php(49): require_once('C:\\xampp\\htdocs\\ProyectoGimnasio\\public\\index.php')
CRITICAL - 2024-09-23 02:29:27 --> Error: Array callback must have exactly two elements
[Method: POST, Route: usuario/actualizar/]
in APPPATH\Controllers\Usuario.php on line 55.
 1 SYSTEMPATH\CodeIgniter.php(933): App\Controllers\Usuario->actualizar()
 2 SYSTEMPATH\CodeIgniter.php(509): CodeIgniter\CodeIgniter->runController(Object(App\Controllers\Usuario))
 3 SYSTEMPATH\CodeIgniter.php(355): CodeIgniter\CodeIgniter->handleRequest(null, Object(Config\Cache), false)
 4 SYSTEMPATH\Boot.php(312): CodeIgniter\CodeIgniter->run()
 5 SYSTEMPATH\Boot.php(67): CodeIgniter\Boot::runCodeIgniter(Object(CodeIgniter\CodeIgniter))
 6 FCPATH\index.php(56): CodeIgniter\Boot::bootWeb(Object(Config\Paths))
 7 SYSTEMPATH\Commands\Server\rewrite.php(49): require_once('C:\\xampp\\htdocs\\ProyectoGimnasio\\public\\index.php')
CRITICAL - 2024-09-23 02:35:23 --> Error: Array callback must have exactly two elements
[Method: POST, Route: usuario/actualizar/]
in APPPATH\Controllers\Usuario.php on line 55.
 1 SYSTEMPATH\CodeIgniter.php(933): App\Controllers\Usuario->actualizar()
 2 SYSTEMPATH\CodeIgniter.php(509): CodeIgniter\CodeIgniter->runController(Object(App\Controllers\Usuario))
 3 SYSTEMPATH\CodeIgniter.php(355): CodeIgniter\CodeIgniter->handleRequest(null, Object(Config\Cache), false)
 4 SYSTEMPATH\Boot.php(312): CodeIgniter\CodeIgniter->run()
 5 SYSTEMPATH\Boot.php(67): CodeIgniter\Boot::runCodeIgniter(Object(CodeIgniter\CodeIgniter))
 6 FCPATH\index.php(56): CodeIgniter\Boot::bootWeb(Object(Config\Paths))
 7 SYSTEMPATH\Commands\Server\rewrite.php(49): require_once('C:\\xampp\\htdocs\\ProyectoGimnasio\\public\\index.php')
CRITICAL - 2024-09-23 02:42:38 --> Error: Array callback must have exactly two elements
[Method: POST, Route: usuario/actualizar/]
in APPPATH\Controllers\Usuario.php on line 55.
 1 SYSTEMPATH\CodeIgniter.php(933): App\Controllers\Usuario->actualizar()
 2 SYSTEMPATH\CodeIgniter.php(509): CodeIgniter\CodeIgniter->runController(Object(App\Controllers\Usuario))
 3 SYSTEMPATH\CodeIgniter.php(355): CodeIgniter\CodeIgniter->handleRequest(null, Object(Config\Cache), false)
 4 SYSTEMPATH\Boot.php(312): CodeIgniter\CodeIgniter->run()
 5 SYSTEMPATH\Boot.php(67): CodeIgniter\Boot::runCodeIgniter(Object(CodeIgniter\CodeIgniter))
 6 FCPATH\index.php(56): CodeIgniter\Boot::bootWeb(Object(Config\Paths))
 7 SYSTEMPATH\Commands\Server\rewrite.php(49): require_once('C:\\xampp\\htdocs\\ProyectoGimnasio\\public\\index.php')
CRITICAL - 2024-09-23 02:43:00 --> Error: Array callback must have exactly two elements
[Method: POST, Route: usuario/actualizar/]
in APPPATH\Controllers\Usuario.php on line 55.
 1 SYSTEMPATH\CodeIgniter.php(933): App\Controllers\Usuario->actualizar()
 2 SYSTEMPATH\CodeIgniter.php(509): CodeIgniter\CodeIgniter->runController(Object(App\Controllers\Usuario))
 3 SYSTEMPATH\CodeIgniter.php(355): CodeIgniter\CodeIgniter->handleRequest(null, Object(Config\Cache), false)
 4 SYSTEMPATH\Boot.php(312): CodeIgniter\CodeIgniter->run()
 5 SYSTEMPATH\Boot.php(67): CodeIgniter\Boot::runCodeIgniter(Object(CodeIgniter\CodeIgniter))
 6 FCPATH\index.php(56): CodeIgniter\Boot::bootWeb(Object(Config\Paths))
 7 SYSTEMPATH\Commands\Server\rewrite.php(49): require_once('C:\\xampp\\htdocs\\ProyectoGimnasio\\public\\index.php')
CRITICAL - 2024-09-23 02:43:04 --> Error: Array callback must have exactly two elements
[Method: POST, Route: usuario/actualizar/]
in APPPATH\Controllers\Usuario.php on line 55.
 1 SYSTEMPATH\CodeIgniter.php(933): App\Controllers\Usuario->actualizar()
 2 SYSTEMPATH\CodeIgniter.php(509): CodeIgniter\CodeIgniter->runController(Object(App\Controllers\Usuario))
 3 SYSTEMPATH\CodeIgniter.php(355): CodeIgniter\CodeIgniter->handleRequest(null, Object(Config\Cache), false)
 4 SYSTEMPATH\Boot.php(312): CodeIgniter\CodeIgniter->run()
 5 SYSTEMPATH\Boot.php(67): CodeIgniter\Boot::runCodeIgniter(Object(CodeIgniter\CodeIgniter))
 6 FCPATH\index.php(56): CodeIgniter\Boot::bootWeb(Object(Config\Paths))
 7 SYSTEMPATH\Commands\Server\rewrite.php(49): require_once('C:\\xampp\\htdocs\\ProyectoGimnasio\\public\\index.php')
CRITICAL - 2024-09-23 02:43:50 --> Error: Array callback must have exactly two elements
[Method: POST, Route: usuario/actualizar/]
in APPPATH\Controllers\Usuario.php on line 55.
 1 SYSTEMPATH\CodeIgniter.php(933): App\Controllers\Usuario->actualizar()
 2 SYSTEMPATH\CodeIgniter.php(509): CodeIgniter\CodeIgniter->runController(Object(App\Controllers\Usuario))
 3 SYSTEMPATH\CodeIgniter.php(355): CodeIgniter\CodeIgniter->handleRequest(null, Object(Config\Cache), false)
 4 SYSTEMPATH\Boot.php(312): CodeIgniter\CodeIgniter->run()
 5 SYSTEMPATH\Boot.php(67): CodeIgniter\Boot::runCodeIgniter(Object(CodeIgniter\CodeIgniter))
 6 FCPATH\index.php(56): CodeIgniter\Boot::bootWeb(Object(Config\Paths))
 7 SYSTEMPATH\Commands\Server\rewrite.php(49): require_once('C:\\xampp\\htdocs\\ProyectoGimnasio\\public\\index.php')
CRITICAL - 2024-09-23 02:45:15 --> ErrorException: Undefined array key "sexo"
[Method: POST, Route: usuario/actualizar/]
in APPPATH\Controllers\Usuario.php on line 60.
 1 APPPATH\Controllers\Usuario.php(60): CodeIgniter\Debug\Exceptions->errorHandler(2, 'Undefined array key "sexo"', 'C:\\xampp\\htdocs\\ProyectoGimnasio\\app\\Controllers\\Usuario.php', 60)
 2 SYSTEMPATH\CodeIgniter.php(933): App\Controllers\Usuario->actualizar()
 3 SYSTEMPATH\CodeIgniter.php(509): CodeIgniter\CodeIgniter->runController(Object(App\Controllers\Usuario))
 4 SYSTEMPATH\CodeIgniter.php(355): CodeIgniter\CodeIgniter->handleRequest(null, Object(Config\Cache), false)
 5 SYSTEMPATH\Boot.php(312): CodeIgniter\CodeIgniter->run()
 6 SYSTEMPATH\Boot.php(67): CodeIgniter\Boot::runCodeIgniter(Object(CodeIgniter\CodeIgniter))
 7 FCPATH\index.php(56): CodeIgniter\Boot::bootWeb(Object(Config\Paths))
 8 SYSTEMPATH\Commands\Server\rewrite.php(49): require_once('C:\\xampp\\htdocs\\ProyectoGimnasio\\public\\index.php')
CRITICAL - 2024-09-23 03:08:44 --> ErrorException: Attempt to read property "idUsuario" on array
[Method: GET, Route: usuario]
in APPPATH\Views\usuario\ver.php on line 26.
 1 APPPATH\Views\usuario\ver.php(26): CodeIgniter\Debug\Exceptions->errorHandler(2, 'Attempt to read property "idUsuario" on array', 'C:\\xampp\\htdocs\\ProyectoGimnasio\\app\\Views\\usuario\\ver.php', 26)
 2 SYSTEMPATH\View\View.php(234): include('C:\\xampp\\htdocs\\ProyectoGimnasio\\app\\Views\\usuario\\ver.php')
 3 SYSTEMPATH\View\View.php(237): CodeIgniter\View\View->CodeIgniter\View\{closure}()
 4 SYSTEMPATH\Common.php(1171): CodeIgniter\View\View->render('usuario/ver', [], true)
 5 APPPATH\Controllers\Usuario.php(13): view('usuario/ver', [...])
 6 SYSTEMPATH\CodeIgniter.php(933): App\Controllers\Usuario->index()
 7 SYSTEMPATH\CodeIgniter.php(509): CodeIgniter\CodeIgniter->runController(Object(App\Controllers\Usuario))
 8 SYSTEMPATH\CodeIgniter.php(355): CodeIgniter\CodeIgniter->handleRequest(null, Object(Config\Cache), false)
 9 SYSTEMPATH\Boot.php(312): CodeIgniter\CodeIgniter->run()
10 SYSTEMPATH\Boot.php(67): CodeIgniter\Boot::runCodeIgniter(Object(CodeIgniter\CodeIgniter))
11 FCPATH\index.php(56): CodeIgniter\Boot::bootWeb(Object(Config\Paths))
12 SYSTEMPATH\Commands\Server\rewrite.php(49): require_once('C:\\xampp\\htdocs\\ProyectoGimnasio\\public\\index.php')
CRITICAL - 2024-09-23 03:11:11 --> ErrorException: Attempt to read property "idUsuario" on array
[Method: GET, Route: usuario]
in APPPATH\Views\usuario\ver.php on line 26.
 1 APPPATH\Views\usuario\ver.php(26): CodeIgniter\Debug\Exceptions->errorHandler(2, 'Attempt to read property "idUsuario" on array', 'C:\\xampp\\htdocs\\ProyectoGimnasio\\app\\Views\\usuario\\ver.php', 26)
 2 SYSTEMPATH\View\View.php(234): include('C:\\xampp\\htdocs\\ProyectoGimnasio\\app\\Views\\usuario\\ver.php')
 3 SYSTEMPATH\View\View.php(237): CodeIgniter\View\View->CodeIgniter\View\{closure}()
 4 SYSTEMPATH\Common.php(1171): CodeIgniter\View\View->render('usuario/ver', [], true)
 5 APPPATH\Controllers\Usuario.php(13): view('usuario/ver', [...])
 6 SYSTEMPATH\CodeIgniter.php(933): App\Controllers\Usuario->index()
 7 SYSTEMPATH\CodeIgniter.php(509): CodeIgniter\CodeIgniter->runController(Object(App\Controllers\Usuario))
 8 SYSTEMPATH\CodeIgniter.php(355): CodeIgniter\CodeIgniter->handleRequest(null, Object(Config\Cache), false)
 9 SYSTEMPATH\Boot.php(312): CodeIgniter\CodeIgniter->run()
10 SYSTEMPATH\Boot.php(67): CodeIgniter\Boot::runCodeIgniter(Object(CodeIgniter\CodeIgniter))
11 FCPATH\index.php(56): CodeIgniter\Boot::bootWeb(Object(Config\Paths))
12 SYSTEMPATH\Commands\Server\rewrite.php(49): require_once('C:\\xampp\\htdocs\\ProyectoGimnasio\\public\\index.php')
CRITICAL - 2024-09-23 03:11:12 --> ErrorException: Attempt to read property "idUsuario" on array
[Method: GET, Route: usuario]
in APPPATH\Views\usuario\ver.php on line 26.
 1 APPPATH\Views\usuario\ver.php(26): CodeIgniter\Debug\Exceptions->errorHandler(2, 'Attempt to read property "idUsuario" on array', 'C:\\xampp\\htdocs\\ProyectoGimnasio\\app\\Views\\usuario\\ver.php', 26)
 2 SYSTEMPATH\View\View.php(234): include('C:\\xampp\\htdocs\\ProyectoGimnasio\\app\\Views\\usuario\\ver.php')
 3 SYSTEMPATH\View\View.php(237): CodeIgniter\View\View->CodeIgniter\View\{closure}()
 4 SYSTEMPATH\Common.php(1171): CodeIgniter\View\View->render('usuario/ver', [], true)
 5 APPPATH\Controllers\Usuario.php(13): view('usuario/ver', [...])
 6 SYSTEMPATH\CodeIgniter.php(933): App\Controllers\Usuario->index()
 7 SYSTEMPATH\CodeIgniter.php(509): CodeIgniter\CodeIgniter->runController(Object(App\Controllers\Usuario))
 8 SYSTEMPATH\CodeIgniter.php(355): CodeIgniter\CodeIgniter->handleRequest(null, Object(Config\Cache), false)
 9 SYSTEMPATH\Boot.php(312): CodeIgniter\CodeIgniter->run()
10 SYSTEMPATH\Boot.php(67): CodeIgniter\Boot::runCodeIgniter(Object(CodeIgniter\CodeIgniter))
11 FCPATH\index.php(56): CodeIgniter\Boot::bootWeb(Object(Config\Paths))
12 SYSTEMPATH\Commands\Server\rewrite.php(49): require_once('C:\\xampp\\htdocs\\ProyectoGimnasio\\public\\index.php')
CRITICAL - 2024-09-23 03:11:16 --> ErrorException: Attempt to read property "idUsuario" on array
[Method: GET, Route: usuario]
in APPPATH\Views\usuario\ver.php on line 26.
 1 APPPATH\Views\usuario\ver.php(26): CodeIgniter\Debug\Exceptions->errorHandler(2, 'Attempt to read property "idUsuario" on array', 'C:\\xampp\\htdocs\\ProyectoGimnasio\\app\\Views\\usuario\\ver.php', 26)
 2 SYSTEMPATH\View\View.php(234): include('C:\\xampp\\htdocs\\ProyectoGimnasio\\app\\Views\\usuario\\ver.php')
 3 SYSTEMPATH\View\View.php(237): CodeIgniter\View\View->CodeIgniter\View\{closure}()
 4 SYSTEMPATH\Common.php(1171): CodeIgniter\View\View->render('usuario/ver', [], true)
 5 APPPATH\Controllers\Usuario.php(13): view('usuario/ver', [...])
 6 SYSTEMPATH\CodeIgniter.php(933): App\Controllers\Usuario->index()
 7 SYSTEMPATH\CodeIgniter.php(509): CodeIgniter\CodeIgniter->runController(Object(App\Controllers\Usuario))
 8 SYSTEMPATH\CodeIgniter.php(355): CodeIgniter\CodeIgniter->handleRequest(null, Object(Config\Cache), false)
 9 SYSTEMPATH\Boot.php(312): CodeIgniter\CodeIgniter->run()
10 SYSTEMPATH\Boot.php(67): CodeIgniter\Boot::runCodeIgniter(Object(CodeIgniter\CodeIgniter))
11 FCPATH\index.php(56): CodeIgniter\Boot::bootWeb(Object(Config\Paths))
12 SYSTEMPATH\Commands\Server\rewrite.php(49): require_once('C:\\xampp\\htdocs\\ProyectoGimnasio\\public\\index.php')
CRITICAL - 2024-09-23 03:11:56 --> CodeIgniter\HTTP\Exceptions\HTTPException: The route for "http://localhost:8080/usuario" cannot be found.
[Method: GET, Route: usuario/eliminar/34]
in SYSTEMPATH\HTTP\RedirectResponse.php on line 64.
 1 SYSTEMPATH\HTTP\RedirectResponse.php(64): CodeIgniter\HTTP\Exceptions\HTTPException::forInvalidRedirectRoute('http://localhost:8080/usuario')
 2 SYSTEMPATH\Common.php(853): CodeIgniter\HTTP\RedirectResponse->route(false)
 3 APPPATH\Controllers\Usuario.php(72): redirect('http://localhost:8080/usuario')
 4 SYSTEMPATH\CodeIgniter.php(933): App\Controllers\Usuario->eliminar('34')
 5 SYSTEMPATH\CodeIgniter.php(509): CodeIgniter\CodeIgniter->runController(Object(App\Controllers\Usuario))
 6 SYSTEMPATH\CodeIgniter.php(355): CodeIgniter\CodeIgniter->handleRequest(null, Object(Config\Cache), false)
 7 SYSTEMPATH\Boot.php(312): CodeIgniter\CodeIgniter->run()
 8 SYSTEMPATH\Boot.php(67): CodeIgniter\Boot::runCodeIgniter(Object(CodeIgniter\CodeIgniter))
 9 FCPATH\index.php(56): CodeIgniter\Boot::bootWeb(Object(Config\Paths))
10 SYSTEMPATH\Commands\Server\rewrite.php(49): require_once('C:\\xampp\\htdocs\\ProyectoGimnasio\\public\\index.php')
CRITICAL - 2024-09-23 16:48:48 --> ErrorException: Undefined array key "sexo"
[Method: POST, Route: usuario/insertar]
in APPPATH\Controllers\Usuario.php on line 39.
 1 APPPATH\Controllers\Usuario.php(39): CodeIgniter\Debug\Exceptions->errorHandler(2, 'Undefined array key "sexo"', 'C:\\xampp\\htdocs\\ProyectoGimnasio\\app\\Controllers\\Usuario.php', 39)
 2 SYSTEMPATH\CodeIgniter.php(933): App\Controllers\Usuario->insertar()
 3 SYSTEMPATH\CodeIgniter.php(509): CodeIgniter\CodeIgniter->runController(Object(App\Controllers\Usuario))
 4 SYSTEMPATH\CodeIgniter.php(355): CodeIgniter\CodeIgniter->handleRequest(null, Object(Config\Cache), false)
 5 SYSTEMPATH\Boot.php(312): CodeIgniter\CodeIgniter->run()
 6 SYSTEMPATH\Boot.php(67): CodeIgniter\Boot::runCodeIgniter(Object(CodeIgniter\CodeIgniter))
 7 FCPATH\index.php(56): CodeIgniter\Boot::bootWeb(Object(Config\Paths))
 8 SYSTEMPATH\Commands\Server\rewrite.php(49): require_once('C:\\xampp\\htdocs\\ProyectoGimnasio\\public\\index.php')
CRITICAL - 2024-09-23 16:51:07 --> ErrorException: Undefined array key "sexo"
[Method: POST, Route: usuario/insertar]
in APPPATH\Controllers\Usuario.php on line 39.
 1 APPPATH\Controllers\Usuario.php(39): CodeIgniter\Debug\Exceptions->errorHandler(2, 'Undefined array key "sexo"', 'C:\\xampp\\htdocs\\ProyectoGimnasio\\app\\Controllers\\Usuario.php', 39)
 2 SYSTEMPATH\CodeIgniter.php(933): App\Controllers\Usuario->insertar()
 3 SYSTEMPATH\CodeIgniter.php(509): CodeIgniter\CodeIgniter->runController(Object(App\Controllers\Usuario))
 4 SYSTEMPATH\CodeIgniter.php(355): CodeIgniter\CodeIgniter->handleRequest(null, Object(Config\Cache), false)
 5 SYSTEMPATH\Boot.php(312): CodeIgniter\CodeIgniter->run()
 6 SYSTEMPATH\Boot.php(67): CodeIgniter\Boot::runCodeIgniter(Object(CodeIgniter\CodeIgniter))
 7 FCPATH\index.php(56): CodeIgniter\Boot::bootWeb(Object(Config\Paths))
 8 SYSTEMPATH\Commands\Server\rewrite.php(49): require_once('C:\\xampp\\htdocs\\ProyectoGimnasio\\public\\index.php')
ERROR - 2024-09-23 21:18:52 --> Error connecting to the database: mysqli_sql_exception: No se puede establecer una conexión ya que el equipo de destino denegó expresamente dicha conexión in C:\xampp\htdocs\ProyectoGimnasio\system\Database\MySQLi\Connection.php:186
Stack trace:
#0 C:\xampp\htdocs\ProyectoGimnasio\system\Database\MySQLi\Connection.php(186): mysqli->real_connect('127.0.0.1', 'root', Object(SensitiveParameterValue), 'gym', 3306, '', 0)
#1 C:\xampp\htdocs\ProyectoGimnasio\system\Database\BaseConnection.php(421): CodeIgniter\Database\MySQLi\Connection->connect(false)
#2 C:\xampp\htdocs\ProyectoGimnasio\system\Database\BaseConnection.php(604): CodeIgniter\Database\BaseConnection->initialize()
#3 C:\xampp\htdocs\ProyectoGimnasio\system\Database\BaseBuilder.php(1629): CodeIgniter\Database\BaseConnection->query('SELECT *\nFROM `...', Array, false)
#4 C:\xampp\htdocs\ProyectoGimnasio\system\Model.php(275): CodeIgniter\Database\BaseBuilder->get()
#5 C:\xampp\htdocs\ProyectoGimnasio\system\BaseModel.php(676): CodeIgniter\Model->doFindAll(0, 0)
#6 C:\xampp\htdocs\ProyectoGimnasio\app\Controllers\Usuario.php(10): CodeIgniter\BaseModel->findAll()
#7 C:\xampp\htdocs\ProyectoGimnasio\system\CodeIgniter.php(933): App\Controllers\Usuario->index()
#8 C:\xampp\htdocs\ProyectoGimnasio\system\CodeIgniter.php(509): CodeIgniter\CodeIgniter->runController(Object(App\Controllers\Usuario))
#9 C:\xampp\htdocs\ProyectoGimnasio\system\CodeIgniter.php(355): CodeIgniter\CodeIgniter->handleRequest(NULL, Object(Config\Cache), false)
#10 C:\xampp\htdocs\ProyectoGimnasio\system\Boot.php(312): CodeIgniter\CodeIgniter->run()
#11 C:\xampp\htdocs\ProyectoGimnasio\system\Boot.php(67): CodeIgniter\Boot::runCodeIgniter(Object(CodeIgniter\CodeIgniter))
#12 C:\xampp\htdocs\ProyectoGimnasio\public\index.php(56): CodeIgniter\Boot::bootWeb(Object(Config\Paths))
#13 C:\xampp\htdocs\ProyectoGimnasio\system\Commands\Server\rewrite.php(49): require_once('C:\\xampp\\htdocs...')
#14 {main}

Next CodeIgniter\Database\Exceptions\DatabaseException: No se puede establecer una conexión ya que el equipo de destino denegó expresamente dicha conexión in C:\xampp\htdocs\ProyectoGimnasio\system\Database\MySQLi\Connection.php:231
Stack trace:
#0 C:\xampp\htdocs\ProyectoGimnasio\system\Database\BaseConnection.php(421): CodeIgniter\Database\MySQLi\Connection->connect(false)
#1 C:\xampp\htdocs\ProyectoGimnasio\system\Database\BaseConnection.php(604): CodeIgniter\Database\BaseConnection->initialize()
#2 C:\xampp\htdocs\ProyectoGimnasio\system\Database\BaseBuilder.php(1629): CodeIgniter\Database\BaseConnection->query('SELECT *\nFROM `...', Array, false)
#3 C:\xampp\htdocs\ProyectoGimnasio\system\Model.php(275): CodeIgniter\Database\BaseBuilder->get()
#4 C:\xampp\htdocs\ProyectoGimnasio\system\BaseModel.php(676): CodeIgniter\Model->doFindAll(0, 0)
#5 C:\xampp\htdocs\ProyectoGimnasio\app\Controllers\Usuario.php(10): CodeIgniter\BaseModel->findAll()
#6 C:\xampp\htdocs\ProyectoGimnasio\system\CodeIgniter.php(933): App\Controllers\Usuario->index()
#7 C:\xampp\htdocs\ProyectoGimnasio\system\CodeIgniter.php(509): CodeIgniter\CodeIgniter->runController(Object(App\Controllers\Usuario))
#8 C:\xampp\htdocs\ProyectoGimnasio\system\CodeIgniter.php(355): CodeIgniter\CodeIgniter->handleRequest(NULL, Object(Config\Cache), false)
#9 C:\xampp\htdocs\ProyectoGimnasio\system\Boot.php(312): CodeIgniter\CodeIgniter->run()
#10 C:\xampp\htdocs\ProyectoGimnasio\system\Boot.php(67): CodeIgniter\Boot::runCodeIgniter(Object(CodeIgniter\CodeIgniter))
#11 C:\xampp\htdocs\ProyectoGimnasio\public\index.php(56): CodeIgniter\Boot::bootWeb(Object(Config\Paths))
#12 C:\xampp\htdocs\ProyectoGimnasio\system\Commands\Server\rewrite.php(49): require_once('C:\\xampp\\htdocs...')
#13 {main}
CRITICAL - 2024-09-23 21:18:52 --> CodeIgniter\Database\Exceptions\DatabaseException: Unable to connect to the database.
Main connection [MySQLi]: No se puede establecer una conexión ya que el equipo de destino denegó expresamente dicha conexión
[Method: GET, Route: usuario]
in SYSTEMPATH\Database\BaseConnection.php on line 457.
 1 SYSTEMPATH\Database\BaseConnection.php(604): CodeIgniter\Database\BaseConnection->initialize()
 2 SYSTEMPATH\Database\BaseBuilder.php(1629): CodeIgniter\Database\BaseConnection->query('SELECT *
FROM `Usuario`', [], false)
 3 SYSTEMPATH\Model.php(275): CodeIgniter\Database\BaseBuilder->get()
 4 SYSTEMPATH\BaseModel.php(676): CodeIgniter\Model->doFindAll(0, 0)
 5 APPPATH\Controllers\Usuario.php(10): CodeIgniter\BaseModel->findAll()
 6 SYSTEMPATH\CodeIgniter.php(933): App\Controllers\Usuario->index()
 7 SYSTEMPATH\CodeIgniter.php(509): CodeIgniter\CodeIgniter->runController(Object(App\Controllers\Usuario))
 8 SYSTEMPATH\CodeIgniter.php(355): CodeIgniter\CodeIgniter->handleRequest(null, Object(Config\Cache), false)
 9 SYSTEMPATH\Boot.php(312): CodeIgniter\CodeIgniter->run()
10 SYSTEMPATH\Boot.php(67): CodeIgniter\Boot::runCodeIgniter(Object(CodeIgniter\CodeIgniter))
11 FCPATH\index.php(56): CodeIgniter\Boot::bootWeb(Object(Config\Paths))
12 SYSTEMPATH\Commands\Server\rewrite.php(49): require_once('C:\\xampp\\htdocs\\ProyectoGimnasio\\public\\index.php')
ERROR - 2024-09-23 21:18:54 --> Error connecting to the database: mysqli_sql_exception: No se puede establecer una conexión ya que el equipo de destino denegó expresamente dicha conexión in C:\xampp\htdocs\ProyectoGimnasio\system\Database\MySQLi\Connection.php:186
Stack trace:
#0 C:\xampp\htdocs\ProyectoGimnasio\system\Database\MySQLi\Connection.php(186): mysqli->real_connect('127.0.0.1', 'root', Object(SensitiveParameterValue), 'gym', 3306, '', 0)
#1 C:\xampp\htdocs\ProyectoGimnasio\system\Database\BaseConnection.php(421): CodeIgniter\Database\MySQLi\Connection->connect(false)
#2 C:\xampp\htdocs\ProyectoGimnasio\system\Database\BaseConnection.php(604): CodeIgniter\Database\BaseConnection->initialize()
#3 C:\xampp\htdocs\ProyectoGimnasio\system\Database\BaseBuilder.php(1629): CodeIgniter\Database\BaseConnection->query('SELECT *\nFROM `...', Array, false)
#4 C:\xampp\htdocs\ProyectoGimnasio\system\Model.php(275): CodeIgniter\Database\BaseBuilder->get()
#5 C:\xampp\htdocs\ProyectoGimnasio\system\BaseModel.php(676): CodeIgniter\Model->doFindAll(0, 0)
#6 C:\xampp\htdocs\ProyectoGimnasio\app\Controllers\Usuario.php(10): CodeIgniter\BaseModel->findAll()
#7 C:\xampp\htdocs\ProyectoGimnasio\system\CodeIgniter.php(933): App\Controllers\Usuario->index()
#8 C:\xampp\htdocs\ProyectoGimnasio\system\CodeIgniter.php(509): CodeIgniter\CodeIgniter->runController(Object(App\Controllers\Usuario))
#9 C:\xampp\htdocs\ProyectoGimnasio\system\CodeIgniter.php(355): CodeIgniter\CodeIgniter->handleRequest(NULL, Object(Config\Cache), false)
#10 C:\xampp\htdocs\ProyectoGimnasio\system\Boot.php(312): CodeIgniter\CodeIgniter->run()
#11 C:\xampp\htdocs\ProyectoGimnasio\system\Boot.php(67): CodeIgniter\Boot::runCodeIgniter(Object(CodeIgniter\CodeIgniter))
#12 C:\xampp\htdocs\ProyectoGimnasio\public\index.php(56): CodeIgniter\Boot::bootWeb(Object(Config\Paths))
#13 C:\xampp\htdocs\ProyectoGimnasio\system\Commands\Server\rewrite.php(49): require_once('C:\\xampp\\htdocs...')
#14 {main}

Next CodeIgniter\Database\Exceptions\DatabaseException: No se puede establecer una conexión ya que el equipo de destino denegó expresamente dicha conexión in C:\xampp\htdocs\ProyectoGimnasio\system\Database\MySQLi\Connection.php:231
Stack trace:
#0 C:\xampp\htdocs\ProyectoGimnasio\system\Database\BaseConnection.php(421): CodeIgniter\Database\MySQLi\Connection->connect(false)
#1 C:\xampp\htdocs\ProyectoGimnasio\system\Database\BaseConnection.php(604): CodeIgniter\Database\BaseConnection->initialize()
#2 C:\xampp\htdocs\ProyectoGimnasio\system\Database\BaseBuilder.php(1629): CodeIgniter\Database\BaseConnection->query('SELECT *\nFROM `...', Array, false)
#3 C:\xampp\htdocs\ProyectoGimnasio\system\Model.php(275): CodeIgniter\Database\BaseBuilder->get()
#4 C:\xampp\htdocs\ProyectoGimnasio\system\BaseModel.php(676): CodeIgniter\Model->doFindAll(0, 0)
#5 C:\xampp\htdocs\ProyectoGimnasio\app\Controllers\Usuario.php(10): CodeIgniter\BaseModel->findAll()
#6 C:\xampp\htdocs\ProyectoGimnasio\system\CodeIgniter.php(933): App\Controllers\Usuario->index()
#7 C:\xampp\htdocs\ProyectoGimnasio\system\CodeIgniter.php(509): CodeIgniter\CodeIgniter->runController(Object(App\Controllers\Usuario))
#8 C:\xampp\htdocs\ProyectoGimnasio\system\CodeIgniter.php(355): CodeIgniter\CodeIgniter->handleRequest(NULL, Object(Config\Cache), false)
#9 C:\xampp\htdocs\ProyectoGimnasio\system\Boot.php(312): CodeIgniter\CodeIgniter->run()
#10 C:\xampp\htdocs\ProyectoGimnasio\system\Boot.php(67): CodeIgniter\Boot::runCodeIgniter(Object(CodeIgniter\CodeIgniter))
#11 C:\xampp\htdocs\ProyectoGimnasio\public\index.php(56): CodeIgniter\Boot::bootWeb(Object(Config\Paths))
#12 C:\xampp\htdocs\ProyectoGimnasio\system\Commands\Server\rewrite.php(49): require_once('C:\\xampp\\htdocs...')
#13 {main}
CRITICAL - 2024-09-23 21:18:54 --> CodeIgniter\Database\Exceptions\DatabaseException: Unable to connect to the database.
Main connection [MySQLi]: No se puede establecer una conexión ya que el equipo de destino denegó expresamente dicha conexión
[Method: GET, Route: usuario]
in SYSTEMPATH\Database\BaseConnection.php on line 457.
 1 SYSTEMPATH\Database\BaseConnection.php(604): CodeIgniter\Database\BaseConnection->initialize()
 2 SYSTEMPATH\Database\BaseBuilder.php(1629): CodeIgniter\Database\BaseConnection->query('SELECT *
FROM `Usuario`', [], false)
 3 SYSTEMPATH\Model.php(275): CodeIgniter\Database\BaseBuilder->get()
 4 SYSTEMPATH\BaseModel.php(676): CodeIgniter\Model->doFindAll(0, 0)
 5 APPPATH\Controllers\Usuario.php(10): CodeIgniter\BaseModel->findAll()
 6 SYSTEMPATH\CodeIgniter.php(933): App\Controllers\Usuario->index()
 7 SYSTEMPATH\CodeIgniter.php(509): CodeIgniter\CodeIgniter->runController(Object(App\Controllers\Usuario))
 8 SYSTEMPATH\CodeIgniter.php(355): CodeIgniter\CodeIgniter->handleRequest(null, Object(Config\Cache), false)
 9 SYSTEMPATH\Boot.php(312): CodeIgniter\CodeIgniter->run()
10 SYSTEMPATH\Boot.php(67): CodeIgniter\Boot::runCodeIgniter(Object(CodeIgniter\CodeIgniter))
11 FCPATH\index.php(56): CodeIgniter\Boot::bootWeb(Object(Config\Paths))
12 SYSTEMPATH\Commands\Server\rewrite.php(49): require_once('C:\\xampp\\htdocs\\ProyectoGimnasio\\public\\index.php')
